C:\Program Files\Microsoft Visual Studio\2022\Community\MSBuild\Microsoft\VC\v170\Microsoft.CppBuild.targets(516,5): warning MSB8004: El directorio Intermediate no termina con una barra diagonal final. Esta instancia de compilación agregará la barra diagonal porque es necesaria para que se pueda evaluar correctamente el directorio Intermediate.
C:\Program Files\Microsoft Visual Studio\2022\Community\MSBuild\Microsoft\VC\v170\Microsoft.CppBuild.targets(517,5): warning MSB8004: El directorio Output no termina con una barra diagonal final. Esta instancia de compilación agregará la barra diagonal porque es necesaria para que se pueda evaluar correctamente el directorio Output.
  VxErrorData.cpp
C:\Program Files\Microsoft Visual Studio\2022\Community\VC\Tools\MSVC\14.42.34433\include\vcruntime_new.h(44,17): error C2323: 'vertex::operator new': las funciones new o delete de un operador no miembro no pueden declararse estáticas o en un espacio de nombres distinto del espacio de nombres global
  (compilando archivo de origen "src/Core/Debugging/VxErrorData.cpp")
  
C:\Program Files\Microsoft Visual Studio\2022\Community\VC\Tools\MSVC\14.42.34433\include\vcruntime_new.h(51,12): error C2039: "nothrow_t": no es un miembro de "std"
  (compilando archivo de origen "src/Core/Debugging/VxErrorData.cpp")
      E:\create\development\proyectos\Vertex-Engine\predefined C++ types (compiler internal)(357,11):
      vea la declaración de 'std'
  
C:\Program Files\Microsoft Visual Studio\2022\Community\VC\Tools\MSVC\14.42.34433\include\vcruntime_new.h(51,12): error C2061: error de sintaxis: identificador 'nothrow_t'
  (compilando archivo de origen "src/Core/Debugging/VxErrorData.cpp")
  
C:\Program Files\Microsoft Visual Studio\2022\Community\VC\Tools\MSVC\14.42.34433\include\vcruntime_new.h(49,17): warning C5043: "vertex::operator new": la especificación de la excepción no coincide con la declaración anterior.
  (compilando archivo de origen "src/Core/Debugging/VxErrorData.cpp")
      C:\Program Files\Microsoft Visual Studio\2022\Community\VC\Tools\MSVC\14.42.34433\include\vcruntime_new.h(44,17):
      vea la declaración de 'vertex::operator new'
  
C:\Program Files\Microsoft Visual Studio\2022\Community\VC\Tools\MSVC\14.42.34433\include\vcruntime_new.h(49,17): error C2323: 'vertex::operator new': las funciones new o delete de un operador no miembro no pueden declararse estáticas o en un espacio de nombres distinto del espacio de nombres global
  (compilando archivo de origen "src/Core/Debugging/VxErrorData.cpp")
  
C:\Program Files\Microsoft Visual Studio\2022\Community\VC\Tools\MSVC\14.42.34433\include\vcruntime_new.h(55,17): error C2323: 'vertex::operator new[]': las funciones new o delete de un operador no miembro no pueden declararse estáticas o en un espacio de nombres distinto del espacio de nombres global
  (compilando archivo de origen "src/Core/Debugging/VxErrorData.cpp")
  
C:\Program Files\Microsoft Visual Studio\2022\Community\VC\Tools\MSVC\14.42.34433\include\vcruntime_new.h(62,12): error C2039: "nothrow_t": no es un miembro de "std"
  (compilando archivo de origen "src/Core/Debugging/VxErrorData.cpp")
      E:\create\development\proyectos\Vertex-Engine\predefined C++ types (compiler internal)(357,11):
      vea la declaración de 'std'
  
C:\Program Files\Microsoft Visual Studio\2022\Community\VC\Tools\MSVC\14.42.34433\include\vcruntime_new.h(62,12): error C2061: error de sintaxis: identificador 'nothrow_t'
  (compilando archivo de origen "src/Core/Debugging/VxErrorData.cpp")
  
C:\Program Files\Microsoft Visual Studio\2022\Community\VC\Tools\MSVC\14.42.34433\include\vcruntime_new.h(60,17): warning C5043: "vertex::operator new[]": la especificación de la excepción no coincide con la declaración anterior.
  (compilando archivo de origen "src/Core/Debugging/VxErrorData.cpp")
      C:\Program Files\Microsoft Visual Studio\2022\Community\VC\Tools\MSVC\14.42.34433\include\vcruntime_new.h(55,17):
      vea la declaración de 'vertex::operator new[]'
  
C:\Program Files\Microsoft Visual Studio\2022\Community\VC\Tools\MSVC\14.42.34433\include\vcruntime_new.h(60,17): error C2323: 'vertex::operator new[]': las funciones new o delete de un operador no miembro no pueden declararse estáticas o en un espacio de nombres distinto del espacio de nombres global
  (compilando archivo de origen "src/Core/Debugging/VxErrorData.cpp")
  
C:\Program Files\Microsoft Visual Studio\2022\Community\VC\Tools\MSVC\14.42.34433\include\vcruntime_new.h(65,33): error C2323: 'vertex::operator delete': las funciones new o delete de un operador no miembro no pueden declararse estáticas o en un espacio de nombres distinto del espacio de nombres global
  (compilando archivo de origen "src/Core/Debugging/VxErrorData.cpp")
  
C:\Program Files\Microsoft Visual Studio\2022\Community\VC\Tools\MSVC\14.42.34433\include\vcruntime_new.h(71,12): error C2039: "nothrow_t": no es un miembro de "std"
  (compilando archivo de origen "src/Core/Debugging/VxErrorData.cpp")
      E:\create\development\proyectos\Vertex-Engine\predefined C++ types (compiler internal)(357,11):
      vea la declaración de 'std'
  
C:\Program Files\Microsoft Visual Studio\2022\Community\VC\Tools\MSVC\14.42.34433\include\vcruntime_new.h(71,12): error C2061: error de sintaxis: identificador 'nothrow_t'
  (compilando archivo de origen "src/Core/Debugging/VxErrorData.cpp")
  
C:\Program Files\Microsoft Visual Studio\2022\Community\VC\Tools\MSVC\14.42.34433\include\vcruntime_new.h(69,33): error C2323: 'vertex::operator delete': las funciones new o delete de un operador no miembro no pueden declararse estáticas o en un espacio de nombres distinto del espacio de nombres global
  (compilando archivo de origen "src/Core/Debugging/VxErrorData.cpp")
  
C:\Program Files\Microsoft Visual Studio\2022\Community\VC\Tools\MSVC\14.42.34433\include\vcruntime_new.h(74,33): error C2323: 'vertex::operator delete[]': las funciones new o delete de un operador no miembro no pueden declararse estáticas o en un espacio de nombres distinto del espacio de nombres global
  (compilando archivo de origen "src/Core/Debugging/VxErrorData.cpp")
  
C:\Program Files\Microsoft Visual Studio\2022\Community\VC\Tools\MSVC\14.42.34433\include\vcruntime_new.h(80,12): error C2039: "nothrow_t": no es un miembro de "std"
  (compilando archivo de origen "src/Core/Debugging/VxErrorData.cpp")
      E:\create\development\proyectos\Vertex-Engine\predefined C++ types (compiler internal)(357,11):
      vea la declaración de 'std'
  
C:\Program Files\Microsoft Visual Studio\2022\Community\VC\Tools\MSVC\14.42.34433\include\vcruntime_new.h(80,12): error C2061: error de sintaxis: identificador 'nothrow_t'
  (compilando archivo de origen "src/Core/Debugging/VxErrorData.cpp")
  
C:\Program Files\Microsoft Visual Studio\2022\Community\VC\Tools\MSVC\14.42.34433\include\vcruntime_new.h(78,33): error C2323: 'vertex::operator delete[]': las funciones new o delete de un operador no miembro no pueden declararse estáticas o en un espacio de nombres distinto del espacio de nombres global
  (compilando archivo de origen "src/Core/Debugging/VxErrorData.cpp")
  
C:\Program Files\Microsoft Visual Studio\2022\Community\VC\Tools\MSVC\14.42.34433\include\vcruntime_new.h(83,33): error C2323: 'vertex::operator delete': las funciones new o delete de un operador no miembro no pueden declararse estáticas o en un espacio de nombres distinto del espacio de nombres global
  (compilando archivo de origen "src/Core/Debugging/VxErrorData.cpp")
  
C:\Program Files\Microsoft Visual Studio\2022\Community\VC\Tools\MSVC\14.42.34433\include\vcruntime_new.h(88,33): error C2323: 'vertex::operator delete[]': las funciones new o delete de un operador no miembro no pueden declararse estáticas o en un espacio de nombres distinto del espacio de nombres global
  (compilando archivo de origen "src/Core/Debugging/VxErrorData.cpp")
  
C:\Program Files\Microsoft Visual Studio\2022\Community\VC\Tools\MSVC\14.42.34433\include\vcruntime_new.h(95,17): error C2323: 'vertex::operator new': las funciones new o delete de un operador no miembro no pueden declararse estáticas o en un espacio de nombres distinto del espacio de nombres global
  (compilando archivo de origen "src/Core/Debugging/VxErrorData.cpp")
  
C:\Program Files\Microsoft Visual Studio\2022\Community\VC\Tools\MSVC\14.42.34433\include\vcruntime_new.h(104,12): error C2039: "nothrow_t": no es un miembro de "std"
  (compilando archivo de origen "src/Core/Debugging/VxErrorData.cpp")
      E:\create\development\proyectos\Vertex-Engine\predefined C++ types (compiler internal)(357,11):
      vea la declaración de 'std'
  
C:\Program Files\Microsoft Visual Studio\2022\Community\VC\Tools\MSVC\14.42.34433\include\vcruntime_new.h(104,12): error C2061: error de sintaxis: identificador 'nothrow_t'
  (compilando archivo de origen "src/Core/Debugging/VxErrorData.cpp")
  
C:\Program Files\Microsoft Visual Studio\2022\Community\VC\Tools\MSVC\14.42.34433\include\vcruntime_new.h(101,17): warning C5043: "vertex::operator new": la especificación de la excepción no coincide con la declaración anterior.
  (compilando archivo de origen "src/Core/Debugging/VxErrorData.cpp")
      C:\Program Files\Microsoft Visual Studio\2022\Community\VC\Tools\MSVC\14.42.34433\include\vcruntime_new.h(95,17):
      vea la declaración de 'vertex::operator new'
  
C:\Program Files\Microsoft Visual Studio\2022\Community\VC\Tools\MSVC\14.42.34433\include\vcruntime_new.h(101,17): error C2323: 'vertex::operator new': las funciones new o delete de un operador no miembro no pueden declararse estáticas o en un espacio de nombres distinto del espacio de nombres global
  (compilando archivo de origen "src/Core/Debugging/VxErrorData.cpp")
  
C:\Program Files\Microsoft Visual Studio\2022\Community\VC\Tools\MSVC\14.42.34433\include\vcruntime_new.h(109,17): error C2323: 'vertex::operator new[]': las funciones new o delete de un operador no miembro no pueden declararse estáticas o en un espacio de nombres distinto del espacio de nombres global
  (compilando archivo de origen "src/Core/Debugging/VxErrorData.cpp")
  
C:\Program Files\Microsoft Visual Studio\2022\Community\VC\Tools\MSVC\14.42.34433\include\vcruntime_new.h(118,12): error C2039: "nothrow_t": no es un miembro de "std"
  (compilando archivo de origen "src/Core/Debugging/VxErrorData.cpp")
      E:\create\development\proyectos\Vertex-Engine\predefined C++ types (compiler internal)(357,11):
      vea la declaración de 'std'
  
C:\Program Files\Microsoft Visual Studio\2022\Community\VC\Tools\MSVC\14.42.34433\include\vcruntime_new.h(118,12): error C2061: error de sintaxis: identificador 'nothrow_t'
  (compilando archivo de origen "src/Core/Debugging/VxErrorData.cpp")
  
C:\Program Files\Microsoft Visual Studio\2022\Community\VC\Tools\MSVC\14.42.34433\include\vcruntime_new.h(115,17): warning C5043: "vertex::operator new[]": la especificación de la excepción no coincide con la declaración anterior.
  (compilando archivo de origen "src/Core/Debugging/VxErrorData.cpp")
      C:\Program Files\Microsoft Visual Studio\2022\Community\VC\Tools\MSVC\14.42.34433\include\vcruntime_new.h(109,17):
      vea la declaración de 'vertex::operator new[]'
  
C:\Program Files\Microsoft Visual Studio\2022\Community\VC\Tools\MSVC\14.42.34433\include\vcruntime_new.h(115,17): error C2323: 'vertex::operator new[]': las funciones new o delete de un operador no miembro no pueden declararse estáticas o en un espacio de nombres distinto del espacio de nombres global
  (compilando archivo de origen "src/Core/Debugging/VxErrorData.cpp")
  
C:\Program Files\Microsoft Visual Studio\2022\Community\VC\Tools\MSVC\14.42.34433\include\vcruntime_new.h(121,33): error C2323: 'vertex::operator delete': las funciones new o delete de un operador no miembro no pueden declararse estáticas o en un espacio de nombres distinto del espacio de nombres global
  (compilando archivo de origen "src/Core/Debugging/VxErrorData.cpp")
  
C:\Program Files\Microsoft Visual Studio\2022\Community\VC\Tools\MSVC\14.42.34433\include\vcruntime_new.h(129,12): error C2039: "nothrow_t": no es un miembro de "std"
  (compilando archivo de origen "src/Core/Debugging/VxErrorData.cpp")
      E:\create\development\proyectos\Vertex-Engine\predefined C++ types (compiler internal)(357,11):
      vea la declaración de 'std'
  
C:\Program Files\Microsoft Visual Studio\2022\Community\VC\Tools\MSVC\14.42.34433\include\vcruntime_new.h(129,12): error C2061: error de sintaxis: identificador 'nothrow_t'
  (compilando archivo de origen "src/Core/Debugging/VxErrorData.cpp")
  
C:\Program Files\Microsoft Visual Studio\2022\Community\VC\Tools\MSVC\14.42.34433\include\vcruntime_new.h(126,33): error C2323: 'vertex::operator delete': las funciones new o delete de un operador no miembro no pueden declararse estáticas o en un espacio de nombres distinto del espacio de nombres global
  (compilando archivo de origen "src/Core/Debugging/VxErrorData.cpp")
  
C:\Program Files\Microsoft Visual Studio\2022\Community\VC\Tools\MSVC\14.42.34433\include\vcruntime_new.h(132,33): error C2323: 'vertex::operator delete[]': las funciones new o delete de un operador no miembro no pueden declararse estáticas o en un espacio de nombres distinto del espacio de nombres global
  (compilando archivo de origen "src/Core/Debugging/VxErrorData.cpp")
  
C:\Program Files\Microsoft Visual Studio\2022\Community\VC\Tools\MSVC\14.42.34433\include\vcruntime_new.h(140,12): error C2039: "nothrow_t": no es un miembro de "std"
  (compilando archivo de origen "src/Core/Debugging/VxErrorData.cpp")
      E:\create\development\proyectos\Vertex-Engine\predefined C++ types (compiler internal)(357,11):
      vea la declaración de 'std'
  
C:\Program Files\Microsoft Visual Studio\2022\Community\VC\Tools\MSVC\14.42.34433\include\vcruntime_new.h(140,12): error C2061: error de sintaxis: identificador 'nothrow_t'
  (compilando archivo de origen "src/Core/Debugging/VxErrorData.cpp")
  
C:\Program Files\Microsoft Visual Studio\2022\Community\VC\Tools\MSVC\14.42.34433\include\vcruntime_new.h(137,33): error C2323: 'vertex::operator delete[]': las funciones new o delete de un operador no miembro no pueden declararse estáticas o en un espacio de nombres distinto del espacio de nombres global
  (compilando archivo de origen "src/Core/Debugging/VxErrorData.cpp")
  
C:\Program Files\Microsoft Visual Studio\2022\Community\VC\Tools\MSVC\14.42.34433\include\vcruntime_new.h(143,33): error C2323: 'vertex::operator delete': las funciones new o delete de un operador no miembro no pueden declararse estáticas o en un espacio de nombres distinto del espacio de nombres global
  (compilando archivo de origen "src/Core/Debugging/VxErrorData.cpp")
  
C:\Program Files\Microsoft Visual Studio\2022\Community\VC\Tools\MSVC\14.42.34433\include\vcruntime_new.h(149,33): error C2323: 'vertex::operator delete[]': las funciones new o delete de un operador no miembro no pueden declararse estáticas o en un espacio de nombres distinto del espacio de nombres global
  (compilando archivo de origen "src/Core/Debugging/VxErrorData.cpp")
  
C:\Program Files\Microsoft Visual Studio\2022\Community\VC\Tools\MSVC\14.42.34433\include\vcruntime_new.h(162,28): error C2323: 'vertex::operator new': las funciones new o delete de un operador no miembro no pueden declararse estáticas o en un espacio de nombres distinto del espacio de nombres global
  (compilando archivo de origen "src/Core/Debugging/VxErrorData.cpp")
  
C:\Program Files\Microsoft Visual Studio\2022\Community\VC\Tools\MSVC\14.42.34433\include\vcruntime_new.h(169,44): error C2323: 'vertex::operator delete': las funciones new o delete de un operador no miembro no pueden declararse estáticas o en un espacio de nombres distinto del espacio de nombres global
  (compilando archivo de origen "src/Core/Debugging/VxErrorData.cpp")
  
C:\Program Files\Microsoft Visual Studio\2022\Community\VC\Tools\MSVC\14.42.34433\include\vcruntime_new.h(178,28): error C2323: 'vertex::operator new[]': las funciones new o delete de un operador no miembro no pueden declararse estáticas o en un espacio de nombres distinto del espacio de nombres global
  (compilando archivo de origen "src/Core/Debugging/VxErrorData.cpp")
  
C:\Program Files\Microsoft Visual Studio\2022\Community\VC\Tools\MSVC\14.42.34433\include\vcruntime_new.h(185,44): error C2323: 'vertex::operator delete[]': las funciones new o delete de un operador no miembro no pueden declararse estáticas o en un espacio de nombres distinto del espacio de nombres global
  (compilando archivo de origen "src/Core/Debugging/VxErrorData.cpp")
  
C:\Program Files\Microsoft Visual Studio\2022\Community\VC\Tools\MSVC\14.42.34433\include\vcruntime_new_debug.h(26,37): error C2323: 'vertex::operator new': las funciones new o delete de un operador no miembro no pueden declararse estáticas o en un espacio de nombres distinto del espacio de nombres global
  (compilando archivo de origen "src/Core/Debugging/VxErrorData.cpp")
  
C:\Program Files\Microsoft Visual Studio\2022\Community\VC\Tools\MSVC\14.42.34433\include\vcruntime_new_debug.h(34,37): error C2323: 'vertex::operator new[]': las funciones new o delete de un operador no miembro no pueden declararse estáticas o en un espacio de nombres distinto del espacio de nombres global
  (compilando archivo de origen "src/Core/Debugging/VxErrorData.cpp")
  
C:\Program Files\Microsoft Visual Studio\2022\Community\VC\Tools\MSVC\14.42.34433\include\vcruntime_new_debug.h(41,20): error C2323: 'vertex::operator delete': las funciones new o delete de un operador no miembro no pueden declararse estáticas o en un espacio de nombres distinto del espacio de nombres global
  (compilando archivo de origen "src/Core/Debugging/VxErrorData.cpp")
  
C:\Program Files\Microsoft Visual Studio\2022\Community\VC\Tools\MSVC\14.42.34433\include\vcruntime_new_debug.h(48,20): error C2323: 'vertex::operator delete[]': las funciones new o delete de un operador no miembro no pueden declararse estáticas o en un espacio de nombres distinto del espacio de nombres global
  (compilando archivo de origen "src/Core/Debugging/VxErrorData.cpp")
  
C:\Program Files\Microsoft Visual Studio\2022\Community\VC\Tools\MSVC\14.42.34433\include\cstdio(36,25): error C2039: "fpos_t": no es un miembro de "`global namespace'"
  (compilando archivo de origen "src/Core/Debugging/VxErrorData.cpp")
  
C:\Program Files\Microsoft Visual Studio\2022\Community\VC\Tools\MSVC\14.42.34433\include\cstdio(36,13): error C2873: 'fpos_t': el símbolo no se puede utilizar en una declaración using
  (compilando archivo de origen "src/Core/Debugging/VxErrorData.cpp")
  
C:\Program Files\Microsoft Visual Studio\2022\Community\VC\Tools\MSVC\14.42.34433\include\cstdio(37,25): error C2039: "FILE": no es un miembro de "`global namespace'"
  (compilando archivo de origen "src/Core/Debugging/VxErrorData.cpp")
  
C:\Program Files\Microsoft Visual Studio\2022\Community\VC\Tools\MSVC\14.42.34433\include\cstdio(37,13): error C2873: 'FILE': el símbolo no se puede utilizar en una declaración using
  (compilando archivo de origen "src/Core/Debugging/VxErrorData.cpp")
  
C:\Program Files\Microsoft Visual Studio\2022\Community\VC\Tools\MSVC\14.42.34433\include\cstdio(38,25): error C2039: "clearerr": no es un miembro de "`global namespace'"
  (compilando archivo de origen "src/Core/Debugging/VxErrorData.cpp")
  
C:\Program Files\Microsoft Visual Studio\2022\Community\VC\Tools\MSVC\14.42.34433\include\cstdio(38,13): error C2873: 'clearerr': el símbolo no se puede utilizar en una declaración using
  (compilando archivo de origen "src/Core/Debugging/VxErrorData.cpp")
  
C:\Program Files\Microsoft Visual Studio\2022\Community\VC\Tools\MSVC\14.42.34433\include\cstdio(39,25): error C2039: "fclose": no es un miembro de "`global namespace'"
  (compilando archivo de origen "src/Core/Debugging/VxErrorData.cpp")
  
C:\Program Files\Microsoft Visual Studio\2022\Community\VC\Tools\MSVC\14.42.34433\include\cstdio(39,13): error C2873: 'fclose': el símbolo no se puede utilizar en una declaración using
  (compilando archivo de origen "src/Core/Debugging/VxErrorData.cpp")
  
C:\Program Files\Microsoft Visual Studio\2022\Community\VC\Tools\MSVC\14.42.34433\include\cstdio(40,25): error C2039: "feof": no es un miembro de "`global namespace'"
  (compilando archivo de origen "src/Core/Debugging/VxErrorData.cpp")
  
C:\Program Files\Microsoft Visual Studio\2022\Community\VC\Tools\MSVC\14.42.34433\include\cstdio(40,13): error C2873: 'feof': el símbolo no se puede utilizar en una declaración using
  (compilando archivo de origen "src/Core/Debugging/VxErrorData.cpp")
  
C:\Program Files\Microsoft Visual Studio\2022\Community\VC\Tools\MSVC\14.42.34433\include\cstdio(41,25): error C2039: "ferror": no es un miembro de "`global namespace'"
  (compilando archivo de origen "src/Core/Debugging/VxErrorData.cpp")
  
C:\Program Files\Microsoft Visual Studio\2022\Community\VC\Tools\MSVC\14.42.34433\include\cstdio(41,13): error C2873: 'ferror': el símbolo no se puede utilizar en una declaración using
  (compilando archivo de origen "src/Core/Debugging/VxErrorData.cpp")
  
C:\Program Files\Microsoft Visual Studio\2022\Community\VC\Tools\MSVC\14.42.34433\include\cstdio(42,25): error C2039: "fflush": no es un miembro de "`global namespace'"
  (compilando archivo de origen "src/Core/Debugging/VxErrorData.cpp")
  
C:\Program Files\Microsoft Visual Studio\2022\Community\VC\Tools\MSVC\14.42.34433\include\cstdio(42,13): error C2873: 'fflush': el símbolo no se puede utilizar en una declaración using
  (compilando archivo de origen "src/Core/Debugging/VxErrorData.cpp")
  
C:\Program Files\Microsoft Visual Studio\2022\Community\VC\Tools\MSVC\14.42.34433\include\cstdio(43,25): error C2039: "fgetc": no es un miembro de "`global namespace'"
  (compilando archivo de origen "src/Core/Debugging/VxErrorData.cpp")
  
C:\Program Files\Microsoft Visual Studio\2022\Community\VC\Tools\MSVC\14.42.34433\include\cstdio(43,13): error C2873: 'fgetc': el símbolo no se puede utilizar en una declaración using
  (compilando archivo de origen "src/Core/Debugging/VxErrorData.cpp")
  
C:\Program Files\Microsoft Visual Studio\2022\Community\VC\Tools\MSVC\14.42.34433\include\cstdio(44,25): error C2039: "fgetpos": no es un miembro de "`global namespace'"
  (compilando archivo de origen "src/Core/Debugging/VxErrorData.cpp")
  
C:\Program Files\Microsoft Visual Studio\2022\Community\VC\Tools\MSVC\14.42.34433\include\cstdio(44,13): error C2873: 'fgetpos': el símbolo no se puede utilizar en una declaración using
  (compilando archivo de origen "src/Core/Debugging/VxErrorData.cpp")
  
C:\Program Files\Microsoft Visual Studio\2022\Community\VC\Tools\MSVC\14.42.34433\include\cstdio(45,25): error C2039: "fgets": no es un miembro de "`global namespace'"
  (compilando archivo de origen "src/Core/Debugging/VxErrorData.cpp")
  
C:\Program Files\Microsoft Visual Studio\2022\Community\VC\Tools\MSVC\14.42.34433\include\cstdio(45,13): error C2873: 'fgets': el símbolo no se puede utilizar en una declaración using
  (compilando archivo de origen "src/Core/Debugging/VxErrorData.cpp")
  
C:\Program Files\Microsoft Visual Studio\2022\Community\VC\Tools\MSVC\14.42.34433\include\cstdio(46,25): error C2039: "fopen": no es un miembro de "`global namespace'"
  (compilando archivo de origen "src/Core/Debugging/VxErrorData.cpp")
  
C:\Program Files\Microsoft Visual Studio\2022\Community\VC\Tools\MSVC\14.42.34433\include\cstdio(46,13): error C2873: 'fopen': el símbolo no se puede utilizar en una declaración using
  (compilando archivo de origen "src/Core/Debugging/VxErrorData.cpp")
  
C:\Program Files\Microsoft Visual Studio\2022\Community\VC\Tools\MSVC\14.42.34433\include\cstdio(47,25): error C2039: "fprintf": no es un miembro de "`global namespace'"
  (compilando archivo de origen "src/Core/Debugging/VxErrorData.cpp")
  
C:\Program Files\Microsoft Visual Studio\2022\Community\VC\Tools\MSVC\14.42.34433\include\cstdio(47,13): error C2873: 'fprintf': el símbolo no se puede utilizar en una declaración using
  (compilando archivo de origen "src/Core/Debugging/VxErrorData.cpp")
  
C:\Program Files\Microsoft Visual Studio\2022\Community\VC\Tools\MSVC\14.42.34433\include\cstdio(48,25): error C2039: "fputc": no es un miembro de "`global namespace'"
  (compilando archivo de origen "src/Core/Debugging/VxErrorData.cpp")
  
C:\Program Files\Microsoft Visual Studio\2022\Community\VC\Tools\MSVC\14.42.34433\include\cstdio(48,13): error C2873: 'fputc': el símbolo no se puede utilizar en una declaración using
  (compilando archivo de origen "src/Core/Debugging/VxErrorData.cpp")
  
C:\Program Files\Microsoft Visual Studio\2022\Community\VC\Tools\MSVC\14.42.34433\include\cstdio(49,25): error C2039: "fputs": no es un miembro de "`global namespace'"
  (compilando archivo de origen "src/Core/Debugging/VxErrorData.cpp")
  
C:\Program Files\Microsoft Visual Studio\2022\Community\VC\Tools\MSVC\14.42.34433\include\cstdio(49,13): error C2873: 'fputs': el símbolo no se puede utilizar en una declaración using
  (compilando archivo de origen "src/Core/Debugging/VxErrorData.cpp")
  
C:\Program Files\Microsoft Visual Studio\2022\Community\VC\Tools\MSVC\14.42.34433\include\cstdio(50,25): error C2039: "fread": no es un miembro de "`global namespace'"
  (compilando archivo de origen "src/Core/Debugging/VxErrorData.cpp")
  
C:\Program Files\Microsoft Visual Studio\2022\Community\VC\Tools\MSVC\14.42.34433\include\cstdio(50,13): error C2873: 'fread': el símbolo no se puede utilizar en una declaración using
  (compilando archivo de origen "src/Core/Debugging/VxErrorData.cpp")
  
C:\Program Files\Microsoft Visual Studio\2022\Community\VC\Tools\MSVC\14.42.34433\include\cstdio(51,25): error C2039: "freopen": no es un miembro de "`global namespace'"
  (compilando archivo de origen "src/Core/Debugging/VxErrorData.cpp")
  
C:\Program Files\Microsoft Visual Studio\2022\Community\VC\Tools\MSVC\14.42.34433\include\cstdio(51,13): error C2873: 'freopen': el símbolo no se puede utilizar en una declaración using
  (compilando archivo de origen "src/Core/Debugging/VxErrorData.cpp")
  
C:\Program Files\Microsoft Visual Studio\2022\Community\VC\Tools\MSVC\14.42.34433\include\cstdio(52,25): error C2039: "fscanf": no es un miembro de "`global namespace'"
  (compilando archivo de origen "src/Core/Debugging/VxErrorData.cpp")
  
C:\Program Files\Microsoft Visual Studio\2022\Community\VC\Tools\MSVC\14.42.34433\include\cstdio(52,13): error C2873: 'fscanf': el símbolo no se puede utilizar en una declaración using
  (compilando archivo de origen "src/Core/Debugging/VxErrorData.cpp")
  
C:\Program Files\Microsoft Visual Studio\2022\Community\VC\Tools\MSVC\14.42.34433\include\cstdio(53,25): error C2039: "fseek": no es un miembro de "`global namespace'"
  (compilando archivo de origen "src/Core/Debugging/VxErrorData.cpp")
  
C:\Program Files\Microsoft Visual Studio\2022\Community\VC\Tools\MSVC\14.42.34433\include\cstdio(53,13): error C2873: 'fseek': el símbolo no se puede utilizar en una declaración using
  (compilando archivo de origen "src/Core/Debugging/VxErrorData.cpp")
  
C:\Program Files\Microsoft Visual Studio\2022\Community\VC\Tools\MSVC\14.42.34433\include\cstdio(54,25): error C2039: "fsetpos": no es un miembro de "`global namespace'"
  (compilando archivo de origen "src/Core/Debugging/VxErrorData.cpp")
  
C:\Program Files\Microsoft Visual Studio\2022\Community\VC\Tools\MSVC\14.42.34433\include\cstdio(54,13): error C2873: 'fsetpos': el símbolo no se puede utilizar en una declaración using
  (compilando archivo de origen "src/Core/Debugging/VxErrorData.cpp")
  
C:\Program Files\Microsoft Visual Studio\2022\Community\VC\Tools\MSVC\14.42.34433\include\cstdio(55,25): error C2039: "ftell": no es un miembro de "`global namespace'"
  (compilando archivo de origen "src/Core/Debugging/VxErrorData.cpp")
  
C:\Program Files\Microsoft Visual Studio\2022\Community\VC\Tools\MSVC\14.42.34433\include\cstdio(55,13): error C2873: 'ftell': el símbolo no se puede utilizar en una declaración using
  (compilando archivo de origen "src/Core/Debugging/VxErrorData.cpp")
  
C:\Program Files\Microsoft Visual Studio\2022\Community\VC\Tools\MSVC\14.42.34433\include\cstdio(56,25): error C2039: "fwrite": no es un miembro de "`global namespace'"
  (compilando archivo de origen "src/Core/Debugging/VxErrorData.cpp")
  
C:\Program Files\Microsoft Visual Studio\2022\Community\VC\Tools\MSVC\14.42.34433\include\cstdio(56,13): error C2873: 'fwrite': el símbolo no se puede utilizar en una declaración using
  (compilando archivo de origen "src/Core/Debugging/VxErrorData.cpp")
  
C:\Program Files\Microsoft Visual Studio\2022\Community\VC\Tools\MSVC\14.42.34433\include\cstdio(57,25): error C2039: "getc": no es un miembro de "`global namespace'"
  (compilando archivo de origen "src/Core/Debugging/VxErrorData.cpp")
  
C:\Program Files\Microsoft Visual Studio\2022\Community\VC\Tools\MSVC\14.42.34433\include\cstdio(57,13): error C2873: 'getc': el símbolo no se puede utilizar en una declaración using
  (compilando archivo de origen "src/Core/Debugging/VxErrorData.cpp")
  
C:\Program Files\Microsoft Visual Studio\2022\Community\VC\Tools\MSVC\14.42.34433\include\cstdio(58,25): error C2039: "getchar": no es un miembro de "`global namespace'"
  (compilando archivo de origen "src/Core/Debugging/VxErrorData.cpp")
  
C:\Program Files\Microsoft Visual Studio\2022\Community\VC\Tools\MSVC\14.42.34433\include\cstdio(58,13): error C2873: 'getchar': el símbolo no se puede utilizar en una declaración using
  (compilando archivo de origen "src/Core/Debugging/VxErrorData.cpp")
  
C:\Program Files\Microsoft Visual Studio\2022\Community\VC\Tools\MSVC\14.42.34433\include\cstdio(59,25): error C2039: "perror": no es un miembro de "`global namespace'"
  (compilando archivo de origen "src/Core/Debugging/VxErrorData.cpp")
  
C:\Program Files\Microsoft Visual Studio\2022\Community\VC\Tools\MSVC\14.42.34433\include\cstdio(59,13): error C2873: 'perror': el símbolo no se puede utilizar en una declaración using
  (compilando archivo de origen "src/Core/Debugging/VxErrorData.cpp")
  
C:\Program Files\Microsoft Visual Studio\2022\Community\VC\Tools\MSVC\14.42.34433\include\cstdio(60,25): error C2039: "putc": no es un miembro de "`global namespace'"
  (compilando archivo de origen "src/Core/Debugging/VxErrorData.cpp")
  
C:\Program Files\Microsoft Visual Studio\2022\Community\VC\Tools\MSVC\14.42.34433\include\cstdio(60,13): error C2873: 'putc': el símbolo no se puede utilizar en una declaración using
  (compilando archivo de origen "src/Core/Debugging/VxErrorData.cpp")
  
C:\Program Files\Microsoft Visual Studio\2022\Community\VC\Tools\MSVC\14.42.34433\include\cstdio(61,25): error C2039: "putchar": no es un miembro de "`global namespace'"
  (compilando archivo de origen "src/Core/Debugging/VxErrorData.cpp")
  
C:\Program Files\Microsoft Visual Studio\2022\Community\VC\Tools\MSVC\14.42.34433\include\cstdio(61,13): error C2873: 'putchar': el símbolo no se puede utilizar en una declaración using
  (compilando archivo de origen "src/Core/Debugging/VxErrorData.cpp")
  
C:\Program Files\Microsoft Visual Studio\2022\Community\VC\Tools\MSVC\14.42.34433\include\cstdio(62,25): error C2039: "printf": no es un miembro de "`global namespace'"
  (compilando archivo de origen "src/Core/Debugging/VxErrorData.cpp")
  
C:\Program Files\Microsoft Visual Studio\2022\Community\VC\Tools\MSVC\14.42.34433\include\cstdio(62,13): error C2873: 'printf': el símbolo no se puede utilizar en una declaración using
  (compilando archivo de origen "src/Core/Debugging/VxErrorData.cpp")
  
C:\Program Files\Microsoft Visual Studio\2022\Community\VC\Tools\MSVC\14.42.34433\include\cstdio(63,25): error C2039: "puts": no es un miembro de "`global namespace'"
  (compilando archivo de origen "src/Core/Debugging/VxErrorData.cpp")
  
C:\Program Files\Microsoft Visual Studio\2022\Community\VC\Tools\MSVC\14.42.34433\include\cstdio(63,13): error C2873: 'puts': el símbolo no se puede utilizar en una declaración using
  (compilando archivo de origen "src/Core/Debugging/VxErrorData.cpp")
  
C:\Program Files\Microsoft Visual Studio\2022\Community\VC\Tools\MSVC\14.42.34433\include\cstdio(64,25): error C2039: "remove": no es un miembro de "`global namespace'"
  (compilando archivo de origen "src/Core/Debugging/VxErrorData.cpp")
  
C:\Program Files\Microsoft Visual Studio\2022\Community\VC\Tools\MSVC\14.42.34433\include\cstdio(64,25): error C1003: el recuento de errores supera 100; se detiene la compilación
  (compilando archivo de origen "src/Core/Debugging/VxErrorData.cpp")
  
  __vx_exception__.cpp
C:\Program Files\Microsoft Visual Studio\2022\Community\VC\Tools\MSVC\14.42.34433\include\vcruntime_new.h(44,17): error C2323: 'vertex::operator new': las funciones new o delete de un operador no miembro no pueden declararse estáticas o en un espacio de nombres distinto del espacio de nombres global
  (compilando archivo de origen "src/Core/Debugging/__vx_exception__.cpp")
  
C:\Program Files\Microsoft Visual Studio\2022\Community\VC\Tools\MSVC\14.42.34433\include\vcruntime_new.h(51,12): error C2039: "nothrow_t": no es un miembro de "std"
  (compilando archivo de origen "src/Core/Debugging/__vx_exception__.cpp")
      E:\create\development\proyectos\Vertex-Engine\predefined C++ types (compiler internal)(357,11):
      vea la declaración de 'std'
  
C:\Program Files\Microsoft Visual Studio\2022\Community\VC\Tools\MSVC\14.42.34433\include\vcruntime_new.h(51,12): error C2061: error de sintaxis: identificador 'nothrow_t'
  (compilando archivo de origen "src/Core/Debugging/__vx_exception__.cpp")
  
C:\Program Files\Microsoft Visual Studio\2022\Community\VC\Tools\MSVC\14.42.34433\include\vcruntime_new.h(49,17): warning C5043: "vertex::operator new": la especificación de la excepción no coincide con la declaración anterior.
  (compilando archivo de origen "src/Core/Debugging/__vx_exception__.cpp")
      C:\Program Files\Microsoft Visual Studio\2022\Community\VC\Tools\MSVC\14.42.34433\include\vcruntime_new.h(44,17):
      vea la declaración de 'vertex::operator new'
  
C:\Program Files\Microsoft Visual Studio\2022\Community\VC\Tools\MSVC\14.42.34433\include\vcruntime_new.h(49,17): error C2323: 'vertex::operator new': las funciones new o delete de un operador no miembro no pueden declararse estáticas o en un espacio de nombres distinto del espacio de nombres global
  (compilando archivo de origen "src/Core/Debugging/__vx_exception__.cpp")
  
C:\Program Files\Microsoft Visual Studio\2022\Community\VC\Tools\MSVC\14.42.34433\include\vcruntime_new.h(55,17): error C2323: 'vertex::operator new[]': las funciones new o delete de un operador no miembro no pueden declararse estáticas o en un espacio de nombres distinto del espacio de nombres global
  (compilando archivo de origen "src/Core/Debugging/__vx_exception__.cpp")
  
C:\Program Files\Microsoft Visual Studio\2022\Community\VC\Tools\MSVC\14.42.34433\include\vcruntime_new.h(62,12): error C2039: "nothrow_t": no es un miembro de "std"
  (compilando archivo de origen "src/Core/Debugging/__vx_exception__.cpp")
      E:\create\development\proyectos\Vertex-Engine\predefined C++ types (compiler internal)(357,11):
      vea la declaración de 'std'
  
C:\Program Files\Microsoft Visual Studio\2022\Community\VC\Tools\MSVC\14.42.34433\include\vcruntime_new.h(62,12): error C2061: error de sintaxis: identificador 'nothrow_t'
  (compilando archivo de origen "src/Core/Debugging/__vx_exception__.cpp")
  
C:\Program Files\Microsoft Visual Studio\2022\Community\VC\Tools\MSVC\14.42.34433\include\vcruntime_new.h(60,17): warning C5043: "vertex::operator new[]": la especificación de la excepción no coincide con la declaración anterior.
  (compilando archivo de origen "src/Core/Debugging/__vx_exception__.cpp")
      C:\Program Files\Microsoft Visual Studio\2022\Community\VC\Tools\MSVC\14.42.34433\include\vcruntime_new.h(55,17):
      vea la declaración de 'vertex::operator new[]'
  
C:\Program Files\Microsoft Visual Studio\2022\Community\VC\Tools\MSVC\14.42.34433\include\vcruntime_new.h(60,17): error C2323: 'vertex::operator new[]': las funciones new o delete de un operador no miembro no pueden declararse estáticas o en un espacio de nombres distinto del espacio de nombres global
  (compilando archivo de origen "src/Core/Debugging/__vx_exception__.cpp")
  
C:\Program Files\Microsoft Visual Studio\2022\Community\VC\Tools\MSVC\14.42.34433\include\vcruntime_new.h(65,33): error C2323: 'vertex::operator delete': las funciones new o delete de un operador no miembro no pueden declararse estáticas o en un espacio de nombres distinto del espacio de nombres global
  (compilando archivo de origen "src/Core/Debugging/__vx_exception__.cpp")
  
C:\Program Files\Microsoft Visual Studio\2022\Community\VC\Tools\MSVC\14.42.34433\include\vcruntime_new.h(71,12): error C2039: "nothrow_t": no es un miembro de "std"
  (compilando archivo de origen "src/Core/Debugging/__vx_exception__.cpp")
      E:\create\development\proyectos\Vertex-Engine\predefined C++ types (compiler internal)(357,11):
      vea la declaración de 'std'
  
C:\Program Files\Microsoft Visual Studio\2022\Community\VC\Tools\MSVC\14.42.34433\include\vcruntime_new.h(71,12): error C2061: error de sintaxis: identificador 'nothrow_t'
  (compilando archivo de origen "src/Core/Debugging/__vx_exception__.cpp")
  
C:\Program Files\Microsoft Visual Studio\2022\Community\VC\Tools\MSVC\14.42.34433\include\vcruntime_new.h(69,33): error C2323: 'vertex::operator delete': las funciones new o delete de un operador no miembro no pueden declararse estáticas o en un espacio de nombres distinto del espacio de nombres global
  (compilando archivo de origen "src/Core/Debugging/__vx_exception__.cpp")
  
C:\Program Files\Microsoft Visual Studio\2022\Community\VC\Tools\MSVC\14.42.34433\include\vcruntime_new.h(74,33): error C2323: 'vertex::operator delete[]': las funciones new o delete de un operador no miembro no pueden declararse estáticas o en un espacio de nombres distinto del espacio de nombres global
  (compilando archivo de origen "src/Core/Debugging/__vx_exception__.cpp")
  
C:\Program Files\Microsoft Visual Studio\2022\Community\VC\Tools\MSVC\14.42.34433\include\vcruntime_new.h(80,12): error C2039: "nothrow_t": no es un miembro de "std"
  (compilando archivo de origen "src/Core/Debugging/__vx_exception__.cpp")
      E:\create\development\proyectos\Vertex-Engine\predefined C++ types (compiler internal)(357,11):
      vea la declaración de 'std'
  
C:\Program Files\Microsoft Visual Studio\2022\Community\VC\Tools\MSVC\14.42.34433\include\vcruntime_new.h(80,12): error C2061: error de sintaxis: identificador 'nothrow_t'
  (compilando archivo de origen "src/Core/Debugging/__vx_exception__.cpp")
  
C:\Program Files\Microsoft Visual Studio\2022\Community\VC\Tools\MSVC\14.42.34433\include\vcruntime_new.h(78,33): error C2323: 'vertex::operator delete[]': las funciones new o delete de un operador no miembro no pueden declararse estáticas o en un espacio de nombres distinto del espacio de nombres global
  (compilando archivo de origen "src/Core/Debugging/__vx_exception__.cpp")
  
C:\Program Files\Microsoft Visual Studio\2022\Community\VC\Tools\MSVC\14.42.34433\include\vcruntime_new.h(83,33): error C2323: 'vertex::operator delete': las funciones new o delete de un operador no miembro no pueden declararse estáticas o en un espacio de nombres distinto del espacio de nombres global
  (compilando archivo de origen "src/Core/Debugging/__vx_exception__.cpp")
  
C:\Program Files\Microsoft Visual Studio\2022\Community\VC\Tools\MSVC\14.42.34433\include\vcruntime_new.h(88,33): error C2323: 'vertex::operator delete[]': las funciones new o delete de un operador no miembro no pueden declararse estáticas o en un espacio de nombres distinto del espacio de nombres global
  (compilando archivo de origen "src/Core/Debugging/__vx_exception__.cpp")
  
C:\Program Files\Microsoft Visual Studio\2022\Community\VC\Tools\MSVC\14.42.34433\include\vcruntime_new.h(95,17): error C2323: 'vertex::operator new': las funciones new o delete de un operador no miembro no pueden declararse estáticas o en un espacio de nombres distinto del espacio de nombres global
  (compilando archivo de origen "src/Core/Debugging/__vx_exception__.cpp")
  
C:\Program Files\Microsoft Visual Studio\2022\Community\VC\Tools\MSVC\14.42.34433\include\vcruntime_new.h(104,12): error C2039: "nothrow_t": no es un miembro de "std"
  (compilando archivo de origen "src/Core/Debugging/__vx_exception__.cpp")
      E:\create\development\proyectos\Vertex-Engine\predefined C++ types (compiler internal)(357,11):
      vea la declaración de 'std'
  
C:\Program Files\Microsoft Visual Studio\2022\Community\VC\Tools\MSVC\14.42.34433\include\vcruntime_new.h(104,12): error C2061: error de sintaxis: identificador 'nothrow_t'
  (compilando archivo de origen "src/Core/Debugging/__vx_exception__.cpp")
  
C:\Program Files\Microsoft Visual Studio\2022\Community\VC\Tools\MSVC\14.42.34433\include\vcruntime_new.h(101,17): warning C5043: "vertex::operator new": la especificación de la excepción no coincide con la declaración anterior.
  (compilando archivo de origen "src/Core/Debugging/__vx_exception__.cpp")
      C:\Program Files\Microsoft Visual Studio\2022\Community\VC\Tools\MSVC\14.42.34433\include\vcruntime_new.h(95,17):
      vea la declaración de 'vertex::operator new'
  
C:\Program Files\Microsoft Visual Studio\2022\Community\VC\Tools\MSVC\14.42.34433\include\vcruntime_new.h(101,17): error C2323: 'vertex::operator new': las funciones new o delete de un operador no miembro no pueden declararse estáticas o en un espacio de nombres distinto del espacio de nombres global
  (compilando archivo de origen "src/Core/Debugging/__vx_exception__.cpp")
  
C:\Program Files\Microsoft Visual Studio\2022\Community\VC\Tools\MSVC\14.42.34433\include\vcruntime_new.h(109,17): error C2323: 'vertex::operator new[]': las funciones new o delete de un operador no miembro no pueden declararse estáticas o en un espacio de nombres distinto del espacio de nombres global
  (compilando archivo de origen "src/Core/Debugging/__vx_exception__.cpp")
  
C:\Program Files\Microsoft Visual Studio\2022\Community\VC\Tools\MSVC\14.42.34433\include\vcruntime_new.h(118,12): error C2039: "nothrow_t": no es un miembro de "std"
  (compilando archivo de origen "src/Core/Debugging/__vx_exception__.cpp")
      E:\create\development\proyectos\Vertex-Engine\predefined C++ types (compiler internal)(357,11):
      vea la declaración de 'std'
  
C:\Program Files\Microsoft Visual Studio\2022\Community\VC\Tools\MSVC\14.42.34433\include\vcruntime_new.h(118,12): error C2061: error de sintaxis: identificador 'nothrow_t'
  (compilando archivo de origen "src/Core/Debugging/__vx_exception__.cpp")
  
C:\Program Files\Microsoft Visual Studio\2022\Community\VC\Tools\MSVC\14.42.34433\include\vcruntime_new.h(115,17): warning C5043: "vertex::operator new[]": la especificación de la excepción no coincide con la declaración anterior.
  (compilando archivo de origen "src/Core/Debugging/__vx_exception__.cpp")
      C:\Program Files\Microsoft Visual Studio\2022\Community\VC\Tools\MSVC\14.42.34433\include\vcruntime_new.h(109,17):
      vea la declaración de 'vertex::operator new[]'
  
C:\Program Files\Microsoft Visual Studio\2022\Community\VC\Tools\MSVC\14.42.34433\include\vcruntime_new.h(115,17): error C2323: 'vertex::operator new[]': las funciones new o delete de un operador no miembro no pueden declararse estáticas o en un espacio de nombres distinto del espacio de nombres global
  (compilando archivo de origen "src/Core/Debugging/__vx_exception__.cpp")
  
C:\Program Files\Microsoft Visual Studio\2022\Community\VC\Tools\MSVC\14.42.34433\include\vcruntime_new.h(121,33): error C2323: 'vertex::operator delete': las funciones new o delete de un operador no miembro no pueden declararse estáticas o en un espacio de nombres distinto del espacio de nombres global
  (compilando archivo de origen "src/Core/Debugging/__vx_exception__.cpp")
  
C:\Program Files\Microsoft Visual Studio\2022\Community\VC\Tools\MSVC\14.42.34433\include\vcruntime_new.h(129,12): error C2039: "nothrow_t": no es un miembro de "std"
  (compilando archivo de origen "src/Core/Debugging/__vx_exception__.cpp")
      E:\create\development\proyectos\Vertex-Engine\predefined C++ types (compiler internal)(357,11):
      vea la declaración de 'std'
  
C:\Program Files\Microsoft Visual Studio\2022\Community\VC\Tools\MSVC\14.42.34433\include\vcruntime_new.h(129,12): error C2061: error de sintaxis: identificador 'nothrow_t'
  (compilando archivo de origen "src/Core/Debugging/__vx_exception__.cpp")
  
C:\Program Files\Microsoft Visual Studio\2022\Community\VC\Tools\MSVC\14.42.34433\include\vcruntime_new.h(126,33): error C2323: 'vertex::operator delete': las funciones new o delete de un operador no miembro no pueden declararse estáticas o en un espacio de nombres distinto del espacio de nombres global
  (compilando archivo de origen "src/Core/Debugging/__vx_exception__.cpp")
  
C:\Program Files\Microsoft Visual Studio\2022\Community\VC\Tools\MSVC\14.42.34433\include\vcruntime_new.h(132,33): error C2323: 'vertex::operator delete[]': las funciones new o delete de un operador no miembro no pueden declararse estáticas o en un espacio de nombres distinto del espacio de nombres global
  (compilando archivo de origen "src/Core/Debugging/__vx_exception__.cpp")
  
C:\Program Files\Microsoft Visual Studio\2022\Community\VC\Tools\MSVC\14.42.34433\include\vcruntime_new.h(140,12): error C2039: "nothrow_t": no es un miembro de "std"
  (compilando archivo de origen "src/Core/Debugging/__vx_exception__.cpp")
      E:\create\development\proyectos\Vertex-Engine\predefined C++ types (compiler internal)(357,11):
      vea la declaración de 'std'
  
C:\Program Files\Microsoft Visual Studio\2022\Community\VC\Tools\MSVC\14.42.34433\include\vcruntime_new.h(140,12): error C2061: error de sintaxis: identificador 'nothrow_t'
  (compilando archivo de origen "src/Core/Debugging/__vx_exception__.cpp")
  
C:\Program Files\Microsoft Visual Studio\2022\Community\VC\Tools\MSVC\14.42.34433\include\vcruntime_new.h(137,33): error C2323: 'vertex::operator delete[]': las funciones new o delete de un operador no miembro no pueden declararse estáticas o en un espacio de nombres distinto del espacio de nombres global
  (compilando archivo de origen "src/Core/Debugging/__vx_exception__.cpp")
  
C:\Program Files\Microsoft Visual Studio\2022\Community\VC\Tools\MSVC\14.42.34433\include\vcruntime_new.h(143,33): error C2323: 'vertex::operator delete': las funciones new o delete de un operador no miembro no pueden declararse estáticas o en un espacio de nombres distinto del espacio de nombres global
  (compilando archivo de origen "src/Core/Debugging/__vx_exception__.cpp")
  
C:\Program Files\Microsoft Visual Studio\2022\Community\VC\Tools\MSVC\14.42.34433\include\vcruntime_new.h(149,33): error C2323: 'vertex::operator delete[]': las funciones new o delete de un operador no miembro no pueden declararse estáticas o en un espacio de nombres distinto del espacio de nombres global
  (compilando archivo de origen "src/Core/Debugging/__vx_exception__.cpp")
  
C:\Program Files\Microsoft Visual Studio\2022\Community\VC\Tools\MSVC\14.42.34433\include\vcruntime_new.h(162,28): error C2323: 'vertex::operator new': las funciones new o delete de un operador no miembro no pueden declararse estáticas o en un espacio de nombres distinto del espacio de nombres global
  (compilando archivo de origen "src/Core/Debugging/__vx_exception__.cpp")
  
C:\Program Files\Microsoft Visual Studio\2022\Community\VC\Tools\MSVC\14.42.34433\include\vcruntime_new.h(169,44): error C2323: 'vertex::operator delete': las funciones new o delete de un operador no miembro no pueden declararse estáticas o en un espacio de nombres distinto del espacio de nombres global
  (compilando archivo de origen "src/Core/Debugging/__vx_exception__.cpp")
  
C:\Program Files\Microsoft Visual Studio\2022\Community\VC\Tools\MSVC\14.42.34433\include\vcruntime_new.h(178,28): error C2323: 'vertex::operator new[]': las funciones new o delete de un operador no miembro no pueden declararse estáticas o en un espacio de nombres distinto del espacio de nombres global
  (compilando archivo de origen "src/Core/Debugging/__vx_exception__.cpp")
  
C:\Program Files\Microsoft Visual Studio\2022\Community\VC\Tools\MSVC\14.42.34433\include\vcruntime_new.h(185,44): error C2323: 'vertex::operator delete[]': las funciones new o delete de un operador no miembro no pueden declararse estáticas o en un espacio de nombres distinto del espacio de nombres global
  (compilando archivo de origen "src/Core/Debugging/__vx_exception__.cpp")
  
C:\Program Files\Microsoft Visual Studio\2022\Community\VC\Tools\MSVC\14.42.34433\include\vcruntime_new_debug.h(26,37): error C2323: 'vertex::operator new': las funciones new o delete de un operador no miembro no pueden declararse estáticas o en un espacio de nombres distinto del espacio de nombres global
  (compilando archivo de origen "src/Core/Debugging/__vx_exception__.cpp")
  
C:\Program Files\Microsoft Visual Studio\2022\Community\VC\Tools\MSVC\14.42.34433\include\vcruntime_new_debug.h(34,37): error C2323: 'vertex::operator new[]': las funciones new o delete de un operador no miembro no pueden declararse estáticas o en un espacio de nombres distinto del espacio de nombres global
  (compilando archivo de origen "src/Core/Debugging/__vx_exception__.cpp")
  
C:\Program Files\Microsoft Visual Studio\2022\Community\VC\Tools\MSVC\14.42.34433\include\vcruntime_new_debug.h(41,20): error C2323: 'vertex::operator delete': las funciones new o delete de un operador no miembro no pueden declararse estáticas o en un espacio de nombres distinto del espacio de nombres global
  (compilando archivo de origen "src/Core/Debugging/__vx_exception__.cpp")
  
C:\Program Files\Microsoft Visual Studio\2022\Community\VC\Tools\MSVC\14.42.34433\include\vcruntime_new_debug.h(48,20): error C2323: 'vertex::operator delete[]': las funciones new o delete de un operador no miembro no pueden declararse estáticas o en un espacio de nombres distinto del espacio de nombres global
  (compilando archivo de origen "src/Core/Debugging/__vx_exception__.cpp")
  
C:\Program Files\Microsoft Visual Studio\2022\Community\VC\Tools\MSVC\14.42.34433\include\cstdio(36,25): error C2039: "fpos_t": no es un miembro de "`global namespace'"
  (compilando archivo de origen "src/Core/Debugging/__vx_exception__.cpp")
  
C:\Program Files\Microsoft Visual Studio\2022\Community\VC\Tools\MSVC\14.42.34433\include\cstdio(36,13): error C2873: 'fpos_t': el símbolo no se puede utilizar en una declaración using
  (compilando archivo de origen "src/Core/Debugging/__vx_exception__.cpp")
  
C:\Program Files\Microsoft Visual Studio\2022\Community\VC\Tools\MSVC\14.42.34433\include\cstdio(37,25): error C2039: "FILE": no es un miembro de "`global namespace'"
  (compilando archivo de origen "src/Core/Debugging/__vx_exception__.cpp")
  
C:\Program Files\Microsoft Visual Studio\2022\Community\VC\Tools\MSVC\14.42.34433\include\cstdio(37,13): error C2873: 'FILE': el símbolo no se puede utilizar en una declaración using
  (compilando archivo de origen "src/Core/Debugging/__vx_exception__.cpp")
  
C:\Program Files\Microsoft Visual Studio\2022\Community\VC\Tools\MSVC\14.42.34433\include\cstdio(38,25): error C2039: "clearerr": no es un miembro de "`global namespace'"
  (compilando archivo de origen "src/Core/Debugging/__vx_exception__.cpp")
  
C:\Program Files\Microsoft Visual Studio\2022\Community\VC\Tools\MSVC\14.42.34433\include\cstdio(38,13): error C2873: 'clearerr': el símbolo no se puede utilizar en una declaración using
  (compilando archivo de origen "src/Core/Debugging/__vx_exception__.cpp")
  
C:\Program Files\Microsoft Visual Studio\2022\Community\VC\Tools\MSVC\14.42.34433\include\cstdio(39,25): error C2039: "fclose": no es un miembro de "`global namespace'"
  (compilando archivo de origen "src/Core/Debugging/__vx_exception__.cpp")
  
C:\Program Files\Microsoft Visual Studio\2022\Community\VC\Tools\MSVC\14.42.34433\include\cstdio(39,13): error C2873: 'fclose': el símbolo no se puede utilizar en una declaración using
  (compilando archivo de origen "src/Core/Debugging/__vx_exception__.cpp")
  
C:\Program Files\Microsoft Visual Studio\2022\Community\VC\Tools\MSVC\14.42.34433\include\cstdio(40,25): error C2039: "feof": no es un miembro de "`global namespace'"
  (compilando archivo de origen "src/Core/Debugging/__vx_exception__.cpp")
  
C:\Program Files\Microsoft Visual Studio\2022\Community\VC\Tools\MSVC\14.42.34433\include\cstdio(40,13): error C2873: 'feof': el símbolo no se puede utilizar en una declaración using
  (compilando archivo de origen "src/Core/Debugging/__vx_exception__.cpp")
  
C:\Program Files\Microsoft Visual Studio\2022\Community\VC\Tools\MSVC\14.42.34433\include\cstdio(41,25): error C2039: "ferror": no es un miembro de "`global namespace'"
  (compilando archivo de origen "src/Core/Debugging/__vx_exception__.cpp")
  
C:\Program Files\Microsoft Visual Studio\2022\Community\VC\Tools\MSVC\14.42.34433\include\cstdio(41,13): error C2873: 'ferror': el símbolo no se puede utilizar en una declaración using
  (compilando archivo de origen "src/Core/Debugging/__vx_exception__.cpp")
  
C:\Program Files\Microsoft Visual Studio\2022\Community\VC\Tools\MSVC\14.42.34433\include\cstdio(42,25): error C2039: "fflush": no es un miembro de "`global namespace'"
  (compilando archivo de origen "src/Core/Debugging/__vx_exception__.cpp")
  
C:\Program Files\Microsoft Visual Studio\2022\Community\VC\Tools\MSVC\14.42.34433\include\cstdio(42,13): error C2873: 'fflush': el símbolo no se puede utilizar en una declaración using
  (compilando archivo de origen "src/Core/Debugging/__vx_exception__.cpp")
  
C:\Program Files\Microsoft Visual Studio\2022\Community\VC\Tools\MSVC\14.42.34433\include\cstdio(43,25): error C2039: "fgetc": no es un miembro de "`global namespace'"
  (compilando archivo de origen "src/Core/Debugging/__vx_exception__.cpp")
  
C:\Program Files\Microsoft Visual Studio\2022\Community\VC\Tools\MSVC\14.42.34433\include\cstdio(43,13): error C2873: 'fgetc': el símbolo no se puede utilizar en una declaración using
  (compilando archivo de origen "src/Core/Debugging/__vx_exception__.cpp")
  
C:\Program Files\Microsoft Visual Studio\2022\Community\VC\Tools\MSVC\14.42.34433\include\cstdio(44,25): error C2039: "fgetpos": no es un miembro de "`global namespace'"
  (compilando archivo de origen "src/Core/Debugging/__vx_exception__.cpp")
  
C:\Program Files\Microsoft Visual Studio\2022\Community\VC\Tools\MSVC\14.42.34433\include\cstdio(44,13): error C2873: 'fgetpos': el símbolo no se puede utilizar en una declaración using
  (compilando archivo de origen "src/Core/Debugging/__vx_exception__.cpp")
  
C:\Program Files\Microsoft Visual Studio\2022\Community\VC\Tools\MSVC\14.42.34433\include\cstdio(45,25): error C2039: "fgets": no es un miembro de "`global namespace'"
  (compilando archivo de origen "src/Core/Debugging/__vx_exception__.cpp")
  
C:\Program Files\Microsoft Visual Studio\2022\Community\VC\Tools\MSVC\14.42.34433\include\cstdio(45,13): error C2873: 'fgets': el símbolo no se puede utilizar en una declaración using
  (compilando archivo de origen "src/Core/Debugging/__vx_exception__.cpp")
  
C:\Program Files\Microsoft Visual Studio\2022\Community\VC\Tools\MSVC\14.42.34433\include\cstdio(46,25): error C2039: "fopen": no es un miembro de "`global namespace'"
  (compilando archivo de origen "src/Core/Debugging/__vx_exception__.cpp")
  
C:\Program Files\Microsoft Visual Studio\2022\Community\VC\Tools\MSVC\14.42.34433\include\cstdio(46,13): error C2873: 'fopen': el símbolo no se puede utilizar en una declaración using
  (compilando archivo de origen "src/Core/Debugging/__vx_exception__.cpp")
  
C:\Program Files\Microsoft Visual Studio\2022\Community\VC\Tools\MSVC\14.42.34433\include\cstdio(47,25): error C2039: "fprintf": no es un miembro de "`global namespace'"
  (compilando archivo de origen "src/Core/Debugging/__vx_exception__.cpp")
  
C:\Program Files\Microsoft Visual Studio\2022\Community\VC\Tools\MSVC\14.42.34433\include\cstdio(47,13): error C2873: 'fprintf': el símbolo no se puede utilizar en una declaración using
  (compilando archivo de origen "src/Core/Debugging/__vx_exception__.cpp")
  
C:\Program Files\Microsoft Visual Studio\2022\Community\VC\Tools\MSVC\14.42.34433\include\cstdio(48,25): error C2039: "fputc": no es un miembro de "`global namespace'"
  (compilando archivo de origen "src/Core/Debugging/__vx_exception__.cpp")
  
C:\Program Files\Microsoft Visual Studio\2022\Community\VC\Tools\MSVC\14.42.34433\include\cstdio(48,13): error C2873: 'fputc': el símbolo no se puede utilizar en una declaración using
  (compilando archivo de origen "src/Core/Debugging/__vx_exception__.cpp")
  
C:\Program Files\Microsoft Visual Studio\2022\Community\VC\Tools\MSVC\14.42.34433\include\cstdio(49,25): error C2039: "fputs": no es un miembro de "`global namespace'"
  (compilando archivo de origen "src/Core/Debugging/__vx_exception__.cpp")
  
C:\Program Files\Microsoft Visual Studio\2022\Community\VC\Tools\MSVC\14.42.34433\include\cstdio(49,13): error C2873: 'fputs': el símbolo no se puede utilizar en una declaración using
  (compilando archivo de origen "src/Core/Debugging/__vx_exception__.cpp")
  
C:\Program Files\Microsoft Visual Studio\2022\Community\VC\Tools\MSVC\14.42.34433\include\cstdio(50,25): error C2039: "fread": no es un miembro de "`global namespace'"
  (compilando archivo de origen "src/Core/Debugging/__vx_exception__.cpp")
  
C:\Program Files\Microsoft Visual Studio\2022\Community\VC\Tools\MSVC\14.42.34433\include\cstdio(50,13): error C2873: 'fread': el símbolo no se puede utilizar en una declaración using
  (compilando archivo de origen "src/Core/Debugging/__vx_exception__.cpp")
  
C:\Program Files\Microsoft Visual Studio\2022\Community\VC\Tools\MSVC\14.42.34433\include\cstdio(51,25): error C2039: "freopen": no es un miembro de "`global namespace'"
  (compilando archivo de origen "src/Core/Debugging/__vx_exception__.cpp")
  
C:\Program Files\Microsoft Visual Studio\2022\Community\VC\Tools\MSVC\14.42.34433\include\cstdio(51,13): error C2873: 'freopen': el símbolo no se puede utilizar en una declaración using
  (compilando archivo de origen "src/Core/Debugging/__vx_exception__.cpp")
  
C:\Program Files\Microsoft Visual Studio\2022\Community\VC\Tools\MSVC\14.42.34433\include\cstdio(52,25): error C2039: "fscanf": no es un miembro de "`global namespace'"
  (compilando archivo de origen "src/Core/Debugging/__vx_exception__.cpp")
  
C:\Program Files\Microsoft Visual Studio\2022\Community\VC\Tools\MSVC\14.42.34433\include\cstdio(52,13): error C2873: 'fscanf': el símbolo no se puede utilizar en una declaración using
  (compilando archivo de origen "src/Core/Debugging/__vx_exception__.cpp")
  
C:\Program Files\Microsoft Visual Studio\2022\Community\VC\Tools\MSVC\14.42.34433\include\cstdio(53,25): error C2039: "fseek": no es un miembro de "`global namespace'"
  (compilando archivo de origen "src/Core/Debugging/__vx_exception__.cpp")
  
C:\Program Files\Microsoft Visual Studio\2022\Community\VC\Tools\MSVC\14.42.34433\include\cstdio(53,13): error C2873: 'fseek': el símbolo no se puede utilizar en una declaración using
  (compilando archivo de origen "src/Core/Debugging/__vx_exception__.cpp")
  
C:\Program Files\Microsoft Visual Studio\2022\Community\VC\Tools\MSVC\14.42.34433\include\cstdio(54,25): error C2039: "fsetpos": no es un miembro de "`global namespace'"
  (compilando archivo de origen "src/Core/Debugging/__vx_exception__.cpp")
  
C:\Program Files\Microsoft Visual Studio\2022\Community\VC\Tools\MSVC\14.42.34433\include\cstdio(54,13): error C2873: 'fsetpos': el símbolo no se puede utilizar en una declaración using
  (compilando archivo de origen "src/Core/Debugging/__vx_exception__.cpp")
  
C:\Program Files\Microsoft Visual Studio\2022\Community\VC\Tools\MSVC\14.42.34433\include\cstdio(55,25): error C2039: "ftell": no es un miembro de "`global namespace'"
  (compilando archivo de origen "src/Core/Debugging/__vx_exception__.cpp")
  
C:\Program Files\Microsoft Visual Studio\2022\Community\VC\Tools\MSVC\14.42.34433\include\cstdio(55,13): error C2873: 'ftell': el símbolo no se puede utilizar en una declaración using
  (compilando archivo de origen "src/Core/Debugging/__vx_exception__.cpp")
  
C:\Program Files\Microsoft Visual Studio\2022\Community\VC\Tools\MSVC\14.42.34433\include\cstdio(56,25): error C2039: "fwrite": no es un miembro de "`global namespace'"
  (compilando archivo de origen "src/Core/Debugging/__vx_exception__.cpp")
  
C:\Program Files\Microsoft Visual Studio\2022\Community\VC\Tools\MSVC\14.42.34433\include\cstdio(56,13): error C2873: 'fwrite': el símbolo no se puede utilizar en una declaración using
  (compilando archivo de origen "src/Core/Debugging/__vx_exception__.cpp")
  
C:\Program Files\Microsoft Visual Studio\2022\Community\VC\Tools\MSVC\14.42.34433\include\cstdio(57,25): error C2039: "getc": no es un miembro de "`global namespace'"
  (compilando archivo de origen "src/Core/Debugging/__vx_exception__.cpp")
  
C:\Program Files\Microsoft Visual Studio\2022\Community\VC\Tools\MSVC\14.42.34433\include\cstdio(57,13): error C2873: 'getc': el símbolo no se puede utilizar en una declaración using
  (compilando archivo de origen "src/Core/Debugging/__vx_exception__.cpp")
  
C:\Program Files\Microsoft Visual Studio\2022\Community\VC\Tools\MSVC\14.42.34433\include\cstdio(58,25): error C2039: "getchar": no es un miembro de "`global namespace'"
  (compilando archivo de origen "src/Core/Debugging/__vx_exception__.cpp")
  
C:\Program Files\Microsoft Visual Studio\2022\Community\VC\Tools\MSVC\14.42.34433\include\cstdio(58,13): error C2873: 'getchar': el símbolo no se puede utilizar en una declaración using
  (compilando archivo de origen "src/Core/Debugging/__vx_exception__.cpp")
  
C:\Program Files\Microsoft Visual Studio\2022\Community\VC\Tools\MSVC\14.42.34433\include\cstdio(59,25): error C2039: "perror": no es un miembro de "`global namespace'"
  (compilando archivo de origen "src/Core/Debugging/__vx_exception__.cpp")
  
C:\Program Files\Microsoft Visual Studio\2022\Community\VC\Tools\MSVC\14.42.34433\include\cstdio(59,13): error C2873: 'perror': el símbolo no se puede utilizar en una declaración using
  (compilando archivo de origen "src/Core/Debugging/__vx_exception__.cpp")
  
C:\Program Files\Microsoft Visual Studio\2022\Community\VC\Tools\MSVC\14.42.34433\include\cstdio(60,25): error C2039: "putc": no es un miembro de "`global namespace'"
  (compilando archivo de origen "src/Core/Debugging/__vx_exception__.cpp")
  
C:\Program Files\Microsoft Visual Studio\2022\Community\VC\Tools\MSVC\14.42.34433\include\cstdio(60,13): error C2873: 'putc': el símbolo no se puede utilizar en una declaración using
  (compilando archivo de origen "src/Core/Debugging/__vx_exception__.cpp")
  
C:\Program Files\Microsoft Visual Studio\2022\Community\VC\Tools\MSVC\14.42.34433\include\cstdio(61,25): error C2039: "putchar": no es un miembro de "`global namespace'"
  (compilando archivo de origen "src/Core/Debugging/__vx_exception__.cpp")
  
C:\Program Files\Microsoft Visual Studio\2022\Community\VC\Tools\MSVC\14.42.34433\include\cstdio(61,13): error C2873: 'putchar': el símbolo no se puede utilizar en una declaración using
  (compilando archivo de origen "src/Core/Debugging/__vx_exception__.cpp")
  
C:\Program Files\Microsoft Visual Studio\2022\Community\VC\Tools\MSVC\14.42.34433\include\cstdio(62,25): error C2039: "printf": no es un miembro de "`global namespace'"
  (compilando archivo de origen "src/Core/Debugging/__vx_exception__.cpp")
  
C:\Program Files\Microsoft Visual Studio\2022\Community\VC\Tools\MSVC\14.42.34433\include\cstdio(62,13): error C2873: 'printf': el símbolo no se puede utilizar en una declaración using
  (compilando archivo de origen "src/Core/Debugging/__vx_exception__.cpp")
  
C:\Program Files\Microsoft Visual Studio\2022\Community\VC\Tools\MSVC\14.42.34433\include\cstdio(63,25): error C2039: "puts": no es un miembro de "`global namespace'"
  (compilando archivo de origen "src/Core/Debugging/__vx_exception__.cpp")
  
C:\Program Files\Microsoft Visual Studio\2022\Community\VC\Tools\MSVC\14.42.34433\include\cstdio(63,13): error C2873: 'puts': el símbolo no se puede utilizar en una declaración using
  (compilando archivo de origen "src/Core/Debugging/__vx_exception__.cpp")
  
C:\Program Files\Microsoft Visual Studio\2022\Community\VC\Tools\MSVC\14.42.34433\include\cstdio(64,25): error C2039: "remove": no es un miembro de "`global namespace'"
  (compilando archivo de origen "src/Core/Debugging/__vx_exception__.cpp")
  
C:\Program Files\Microsoft Visual Studio\2022\Community\VC\Tools\MSVC\14.42.34433\include\cstdio(64,25): error C1003: el recuento de errores supera 100; se detiene la compilación
  (compilando archivo de origen "src/Core/Debugging/__vx_exception__.cpp")
  
  AlignmentFunctions.cpp
E:\create\development\proyectos\Vertex-Engine\src\Core\Utils\VxTypeTraits.h(455,86): error C3878: error de sintaxis: token “||” inesperado después de “simple-type-specifier”
  (compilando archivo de origen "src/Core/Memory/AlignmentFunctions.cpp")
      E:\create\development\proyectos\Vertex-Engine\src\Core\Utils\VxTypeTraits.h(455,86):
      falta uno de los siguientes: ( {?
  
E:\create\development\proyectos\Vertex-Engine\src\Core\Utils\VxTypeTraits.h(573,1): error C2178: "abstract declarator" no se puede declarar con el especificador "constexpr"
  (compilando archivo de origen "src/Core/Memory/AlignmentFunctions.cpp")
      E:\create\development\proyectos\Vertex-Engine\src\Core\Utils\VxTypeTraits.h(573,1):
      el contexto de creación de instancias de la plantilla (el más antiguo primero) es
          E:\create\development\proyectos\Vertex-Engine\src\Core\Utils\VxTypeTraits.h(572,8):
          al compilar la plantilla de clase 'vertex::vx_add_constexpr'
  
E:\create\development\proyectos\Vertex-Engine\src\Core\Utils\VxTypeTraits.h(573,8): error C2178: "vertex::vx_add_constexpr<_Ty>::_Type" no se puede declarar con el especificador "constexpr"
  (compilando archivo de origen "src/Core/Memory/AlignmentFunctions.cpp")
  
E:\create\development\proyectos\Vertex-Engine\src\Core\Utils\VxTypeTraits.h(582,8): warning C4091: 'static ': se ha omitido a la izquierda de '_Ty' cuando no hay ninguna variable declarada
  (compilando archivo de origen "src/Core/Memory/AlignmentFunctions.cpp")
      E:\create\development\proyectos\Vertex-Engine\src\Core\Utils\VxTypeTraits.h(582,8):
      el contexto de creación de instancias de la plantilla (el más antiguo primero) es
          E:\create\development\proyectos\Vertex-Engine\src\Core\Utils\VxTypeTraits.h(581,8):
          al compilar la plantilla de clase 'vertex::vx_add_static'
  
E:\create\development\proyectos\Vertex-Engine\src\Core\Utils\VxTypeTraits.h(689,44): error C3861: 'is_bounded_array_v': no se encontró el identificador
  (compilando archivo de origen "src/Core/Memory/AlignmentFunctions.cpp")
      E:\create\development\proyectos\Vertex-Engine\src\Core\Utils\VxTypeTraits.h(689,44):
      el contexto de creación de instancias de la plantilla (el más antiguo primero) es
          E:\create\development\proyectos\Vertex-Engine\src\Core\Utils\VxTypeTraits.h(689,8):
          al compilar la plantilla de clase 'vertex::is_bounded_array'
  
E:\create\development\proyectos\Vertex-Engine\src\Core\Utils\VxTypeTraits.h(689,44): error C7568: falta la lista de argumentos después de la plantilla de función supuesta "is_bounded_array_v"
  (compilando archivo de origen "src/Core/Memory/AlignmentFunctions.cpp")
  
E:\create\development\proyectos\Vertex-Engine\src\Core\Utils\VxTypeTraits.h(689,27): error C2993: "unknown-type": no es un tipo válido para el parámetro de plantilla "_Val" sin tipo
  (compilando archivo de origen "src/Core/Memory/AlignmentFunctions.cpp")
  
E:\create\development\proyectos\Vertex-Engine\src\Core\Utils\VxTypeTraits.h(689,27): error C3770: 'unknown-type': no es una clase base válida
  (compilando archivo de origen "src/Core/Memory/AlignmentFunctions.cpp")
  
E:\create\development\proyectos\Vertex-Engine\src\Core\Utils\VxTypeTraits.h(760,80): error C3861: 'nullptr_t': no se encontró el identificador
  (compilando archivo de origen "src/Core/Memory/AlignmentFunctions.cpp")
  
E:\create\development\proyectos\Vertex-Engine\src\Core\Utils\VxTypeTraits.h(760,80): error C2065: 'nullptr_t': identificador no declarado
  (compilando archivo de origen "src/Core/Memory/AlignmentFunctions.cpp")
  
E:\create\development\proyectos\Vertex-Engine\src\Core\Utils\VxTypeTraits.h(824,72): error C3861: 'is_void_v': no se encontró el identificador
  (compilando archivo de origen "src/Core/Memory/AlignmentFunctions.cpp")
  
E:\create\development\proyectos\Vertex-Engine\src\Core\Utils\VxTypeTraits.h(824,90): error C3861: 'is_null_pointer_v': no se encontró el identificador
  (compilando archivo de origen "src/Core/Memory/AlignmentFunctions.cpp")
  
E:\create\development\proyectos\Vertex-Engine\src\Core\Utils\VxTypeTraits.h(944,8): error C2953: 'vertex::vx_is_volatile': ya se ha definido la plantilla de clase
  (compilando archivo de origen "src/Core/Memory/AlignmentFunctions.cpp")
      E:\create\development\proyectos\Vertex-Engine\src\Core\Utils\VxTypeTraits.h(944,8):
      vea la declaración de 'vertex::vx_is_volatile'
  
E:\create\development\proyectos\Vertex-Engine\src\Core\Utils\VxTypeTraits.h(1044,47): error C3861: 'vx_is_aggregate': no se encontró el identificador
  (compilando archivo de origen "src/Core/Memory/AlignmentFunctions.cpp")
      E:\create\development\proyectos\Vertex-Engine\src\Core\Utils\VxTypeTraits.h(1044,47):
      el contexto de creación de instancias de la plantilla (el más antiguo primero) es
          E:\create\development\proyectos\Vertex-Engine\src\Core\Utils\VxTypeTraits.h(1044,8):
          al compilar la plantilla de clase 'vertex::vertex::internal::__Is_aggregate_impl'
  
E:\create\development\proyectos\Vertex-Engine\src\Core\Utils\VxTypeTraits.h(1044,47): error C7568: falta la lista de argumentos después de la plantilla de función supuesta "vx_is_aggregate"
  (compilando archivo de origen "src/Core/Memory/AlignmentFunctions.cpp")
  
E:\create\development\proyectos\Vertex-Engine\src\Core\Utils\VxTypeTraits.h(1044,30): error C2993: "unknown-type": no es un tipo válido para el parámetro de plantilla "_Val" sin tipo
  (compilando archivo de origen "src/Core/Memory/AlignmentFunctions.cpp")
  
E:\create\development\proyectos\Vertex-Engine\src\Core\Utils\VxTypeTraits.h(1044,30): error C3770: 'unknown-type': no es una clase base válida
  (compilando archivo de origen "src/Core/Memory/AlignmentFunctions.cpp")
  
E:\create\development\proyectos\Vertex-Engine\src\Core\Utils\VxTypeTraits.h(1080,49): error C7568: falta la lista de argumentos después de la plantilla de función supuesta "vx_is_assignable"
  (compilando archivo de origen "src/Core/Memory/AlignmentFunctions.cpp")
  
E:\create\development\proyectos\Vertex-Engine\src\Core\Utils\VxTypeTraits.h(1080,49): error C2187: error de sintaxis: "vx_is_assignable" inesperado aquí
  (compilando archivo de origen "src/Core/Memory/AlignmentFunctions.cpp")
  
E:\create\development\proyectos\Vertex-Engine\src\Core\Utils\VxTypeTraits.h(1159,21): error C3861: 'vx_is_member_pointer_v': no se encontró el identificador
  (compilando archivo de origen "src/Core/Memory/AlignmentFunctions.cpp")
      E:\create\development\proyectos\Vertex-Engine\src\Core\Utils\VxTypeTraits.h(1159,21):
      el contexto de creación de instancias de la plantilla (el más antiguo primero) es
          E:\create\development\proyectos\Vertex-Engine\src\Core\Utils\VxTypeTraits.h(1158,8):
          al compilar la plantilla de clase 'vertex::vx_is_member_pointer'
  
E:\create\development\proyectos\Vertex-Engine\src\Core\Utils\VxTypeTraits.h(1159,21): error C7568: falta la lista de argumentos después de la plantilla de función supuesta "vx_is_member_pointer_v"
  (compilando archivo de origen "src/Core/Memory/AlignmentFunctions.cpp")
  
E:\create\development\proyectos\Vertex-Engine\src\Core\Utils\VxTypeTraits.h(1159,4): error C2993: "unknown-type": no es un tipo válido para el parámetro de plantilla "_Val" sin tipo
  (compilando archivo de origen "src/Core/Memory/AlignmentFunctions.cpp")
  
E:\create\development\proyectos\Vertex-Engine\src\Core\Utils\VxTypeTraits.h(1159,4): error C3770: 'unknown-type': no es una clase base válida
  (compilando archivo de origen "src/Core/Memory/AlignmentFunctions.cpp")
  
E:\create\development\proyectos\Vertex-Engine\src\Core\Utils\VxTypeTraits.h(1163,21): error C3861: 'vx_is_scalar_v': no se encontró el identificador
  (compilando archivo de origen "src/Core/Memory/AlignmentFunctions.cpp")
      E:\create\development\proyectos\Vertex-Engine\src\Core\Utils\VxTypeTraits.h(1163,21):
      el contexto de creación de instancias de la plantilla (el más antiguo primero) es
          E:\create\development\proyectos\Vertex-Engine\src\Core\Utils\VxTypeTraits.h(1162,8):
          al compilar la plantilla de clase 'vertex::vx_is_scalar'
  
E:\create\development\proyectos\Vertex-Engine\src\Core\Utils\VxTypeTraits.h(1163,21): error C7568: falta la lista de argumentos después de la plantilla de función supuesta "vx_is_scalar_v"
  (compilando archivo de origen "src/Core/Memory/AlignmentFunctions.cpp")
  
E:\create\development\proyectos\Vertex-Engine\src\Core\Utils\VxTypeTraits.h(1163,4): error C2993: "unknown-type": no es un tipo válido para el parámetro de plantilla "_Val" sin tipo
  (compilando archivo de origen "src/Core/Memory/AlignmentFunctions.cpp")
  
E:\create\development\proyectos\Vertex-Engine\src\Core\Utils\VxTypeTraits.h(1163,4): error C3770: 'unknown-type': no es una clase base válida
  (compilando archivo de origen "src/Core/Memory/AlignmentFunctions.cpp")
  
E:\create\development\proyectos\Vertex-Engine\src\Core\Utils\VxTypeTraits.h(1167,21): error C3861: 'vx_is_empty_v': no se encontró el identificador
  (compilando archivo de origen "src/Core/Memory/AlignmentFunctions.cpp")
      E:\create\development\proyectos\Vertex-Engine\src\Core\Utils\VxTypeTraits.h(1167,21):
      el contexto de creación de instancias de la plantilla (el más antiguo primero) es
          E:\create\development\proyectos\Vertex-Engine\src\Core\Utils\VxTypeTraits.h(1166,8):
          al compilar la plantilla de clase 'vertex::vx_is_empty'
  
E:\create\development\proyectos\Vertex-Engine\src\Core\Utils\VxTypeTraits.h(1167,21): error C7568: falta la lista de argumentos después de la plantilla de función supuesta "vx_is_empty_v"
  (compilando archivo de origen "src/Core/Memory/AlignmentFunctions.cpp")
  
E:\create\development\proyectos\Vertex-Engine\src\Core\Utils\VxTypeTraits.h(1167,4): error C2993: "unknown-type": no es un tipo válido para el parámetro de plantilla "_Val" sin tipo
  (compilando archivo de origen "src/Core/Memory/AlignmentFunctions.cpp")
  
E:\create\development\proyectos\Vertex-Engine\src\Core\Utils\VxTypeTraits.h(1167,4): error C3770: 'unknown-type': no es una clase base válida
  (compilando archivo de origen "src/Core/Memory/AlignmentFunctions.cpp")
  
E:\create\development\proyectos\Vertex-Engine\src\Core\Utils\VxTypeTraits.h(1171,21): error C3861: 'vx_is_polymorphic_v': no se encontró el identificador
  (compilando archivo de origen "src/Core/Memory/AlignmentFunctions.cpp")
      E:\create\development\proyectos\Vertex-Engine\src\Core\Utils\VxTypeTraits.h(1171,21):
      el contexto de creación de instancias de la plantilla (el más antiguo primero) es
          E:\create\development\proyectos\Vertex-Engine\src\Core\Utils\VxTypeTraits.h(1170,8):
          al compilar la plantilla de clase 'vertex::vx_is_polymorphic'
  
E:\create\development\proyectos\Vertex-Engine\src\Core\Utils\VxTypeTraits.h(1171,21): error C7568: falta la lista de argumentos después de la plantilla de función supuesta "vx_is_polymorphic_v"
  (compilando archivo de origen "src/Core/Memory/AlignmentFunctions.cpp")
  
E:\create\development\proyectos\Vertex-Engine\src\Core\Utils\VxTypeTraits.h(1171,4): error C2993: "unknown-type": no es un tipo válido para el parámetro de plantilla "_Val" sin tipo
  (compilando archivo de origen "src/Core/Memory/AlignmentFunctions.cpp")
  
E:\create\development\proyectos\Vertex-Engine\src\Core\Utils\VxTypeTraits.h(1171,4): error C3770: 'unknown-type': no es una clase base válida
  (compilando archivo de origen "src/Core/Memory/AlignmentFunctions.cpp")
  
E:\create\development\proyectos\Vertex-Engine\src\Core\Utils\VxTypeTraits.h(1175,21): error C3861: 'vx_is_abstract_v': no se encontró el identificador
  (compilando archivo de origen "src/Core/Memory/AlignmentFunctions.cpp")
      E:\create\development\proyectos\Vertex-Engine\src\Core\Utils\VxTypeTraits.h(1175,21):
      el contexto de creación de instancias de la plantilla (el más antiguo primero) es
          E:\create\development\proyectos\Vertex-Engine\src\Core\Utils\VxTypeTraits.h(1174,8):
          al compilar la plantilla de clase 'vertex::vx_is_abstract'
  
E:\create\development\proyectos\Vertex-Engine\src\Core\Utils\VxTypeTraits.h(1175,21): error C7568: falta la lista de argumentos después de la plantilla de función supuesta "vx_is_abstract_v"
  (compilando archivo de origen "src/Core/Memory/AlignmentFunctions.cpp")
  
E:\create\development\proyectos\Vertex-Engine\src\Core\Utils\VxTypeTraits.h(1175,4): error C2993: "unknown-type": no es un tipo válido para el parámetro de plantilla "_Val" sin tipo
  (compilando archivo de origen "src/Core/Memory/AlignmentFunctions.cpp")
  
E:\create\development\proyectos\Vertex-Engine\src\Core\Utils\VxTypeTraits.h(1175,4): error C3770: 'unknown-type': no es una clase base válida
  (compilando archivo de origen "src/Core/Memory/AlignmentFunctions.cpp")
  
E:\create\development\proyectos\Vertex-Engine\src\Core\Utils\VxTypeTraits.h(1179,21): error C3861: 'vx_is_final_v': no se encontró el identificador
  (compilando archivo de origen "src/Core/Memory/AlignmentFunctions.cpp")
      E:\create\development\proyectos\Vertex-Engine\src\Core\Utils\VxTypeTraits.h(1179,21):
      el contexto de creación de instancias de la plantilla (el más antiguo primero) es
          E:\create\development\proyectos\Vertex-Engine\src\Core\Utils\VxTypeTraits.h(1178,8):
          al compilar la plantilla de clase 'vertex::vx_is_final'
  
E:\create\development\proyectos\Vertex-Engine\src\Core\Utils\VxTypeTraits.h(1179,21): error C7568: falta la lista de argumentos después de la plantilla de función supuesta "vx_is_final_v"
  (compilando archivo de origen "src/Core/Memory/AlignmentFunctions.cpp")
  
E:\create\development\proyectos\Vertex-Engine\src\Core\Utils\VxTypeTraits.h(1179,4): error C2993: "unknown-type": no es un tipo válido para el parámetro de plantilla "_Val" sin tipo
  (compilando archivo de origen "src/Core/Memory/AlignmentFunctions.cpp")
  
E:\create\development\proyectos\Vertex-Engine\src\Core\Utils\VxTypeTraits.h(1179,4): error C3770: 'unknown-type': no es una clase base válida
  (compilando archivo de origen "src/Core/Memory/AlignmentFunctions.cpp")
  
E:\create\development\proyectos\Vertex-Engine\src\Core\Utils\VxTypeTraits.h(1183,21): error C3861: 'vx_is_trivial_v': no se encontró el identificador
  (compilando archivo de origen "src/Core/Memory/AlignmentFunctions.cpp")
      E:\create\development\proyectos\Vertex-Engine\src\Core\Utils\VxTypeTraits.h(1183,21):
      el contexto de creación de instancias de la plantilla (el más antiguo primero) es
          E:\create\development\proyectos\Vertex-Engine\src\Core\Utils\VxTypeTraits.h(1182,8):
          al compilar la plantilla de clase 'vertex::is_trivial'
  
E:\create\development\proyectos\Vertex-Engine\src\Core\Utils\VxTypeTraits.h(1183,21): error C7568: falta la lista de argumentos después de la plantilla de función supuesta "vx_is_trivial_v"
  (compilando archivo de origen "src/Core/Memory/AlignmentFunctions.cpp")
  
E:\create\development\proyectos\Vertex-Engine\src\Core\Utils\VxTypeTraits.h(1183,4): error C2993: "unknown-type": no es un tipo válido para el parámetro de plantilla "_Val" sin tipo
  (compilando archivo de origen "src/Core/Memory/AlignmentFunctions.cpp")
  
E:\create\development\proyectos\Vertex-Engine\src\Core\Utils\VxTypeTraits.h(1183,4): error C3770: 'unknown-type': no es una clase base válida
  (compilando archivo de origen "src/Core/Memory/AlignmentFunctions.cpp")
  
E:\create\development\proyectos\Vertex-Engine\src\Core\Utils\VxTypeTraits.h(1187,21): error C3861: 'vx_is_trivially_copyable_v': no se encontró el identificador
  (compilando archivo de origen "src/Core/Memory/AlignmentFunctions.cpp")
      E:\create\development\proyectos\Vertex-Engine\src\Core\Utils\VxTypeTraits.h(1187,21):
      el contexto de creación de instancias de la plantilla (el más antiguo primero) es
          E:\create\development\proyectos\Vertex-Engine\src\Core\Utils\VxTypeTraits.h(1186,8):
          al compilar la plantilla de clase 'vertex::vx_is_trivially_copyable'
  
E:\create\development\proyectos\Vertex-Engine\src\Core\Utils\VxTypeTraits.h(1187,21): error C7568: falta la lista de argumentos después de la plantilla de función supuesta "vx_is_trivially_copyable_v"
  (compilando archivo de origen "src/Core/Memory/AlignmentFunctions.cpp")
  
E:\create\development\proyectos\Vertex-Engine\src\Core\Utils\VxTypeTraits.h(1187,4): error C2993: "unknown-type": no es un tipo válido para el parámetro de plantilla "_Val" sin tipo
  (compilando archivo de origen "src/Core/Memory/AlignmentFunctions.cpp")
  
E:\create\development\proyectos\Vertex-Engine\src\Core\Utils\VxTypeTraits.h(1187,4): error C3770: 'unknown-type': no es una clase base válida
  (compilando archivo de origen "src/Core/Memory/AlignmentFunctions.cpp")
  
E:\create\development\proyectos\Vertex-Engine\src\Core\Utils\VxTypeTraits.h(1191,21): error C3861: 'vx_has_virtual_destructor_v': no se encontró el identificador
  (compilando archivo de origen "src/Core/Memory/AlignmentFunctions.cpp")
      E:\create\development\proyectos\Vertex-Engine\src\Core\Utils\VxTypeTraits.h(1191,21):
      el contexto de creación de instancias de la plantilla (el más antiguo primero) es
          E:\create\development\proyectos\Vertex-Engine\src\Core\Utils\VxTypeTraits.h(1190,8):
          al compilar la plantilla de clase 'vertex::vx_has_virtual_destructor'
  
E:\create\development\proyectos\Vertex-Engine\src\Core\Utils\VxTypeTraits.h(1191,21): error C7568: falta la lista de argumentos después de la plantilla de función supuesta "vx_has_virtual_destructor_v"
  (compilando archivo de origen "src/Core/Memory/AlignmentFunctions.cpp")
  
E:\create\development\proyectos\Vertex-Engine\src\Core\Utils\VxTypeTraits.h(1191,4): error C2993: "unknown-type": no es un tipo válido para el parámetro de plantilla "_Val" sin tipo
  (compilando archivo de origen "src/Core/Memory/AlignmentFunctions.cpp")
  
E:\create\development\proyectos\Vertex-Engine\src\Core\Utils\VxTypeTraits.h(1191,4): error C3770: 'unknown-type': no es una clase base válida
  (compilando archivo de origen "src/Core/Memory/AlignmentFunctions.cpp")
  
E:\create\development\proyectos\Vertex-Engine\src\Core\Utils\VxTypeTraits.h(1195,21): error C3861: 'vx_is_member_object_pointer_v': no se encontró el identificador
  (compilando archivo de origen "src/Core/Memory/AlignmentFunctions.cpp")
      E:\create\development\proyectos\Vertex-Engine\src\Core\Utils\VxTypeTraits.h(1195,21):
      el contexto de creación de instancias de la plantilla (el más antiguo primero) es
          E:\create\development\proyectos\Vertex-Engine\src\Core\Utils\VxTypeTraits.h(1194,8):
          al compilar la plantilla de clase 'vertex::vx_is_member_object_pointer'
  
E:\create\development\proyectos\Vertex-Engine\src\Core\Utils\VxTypeTraits.h(1195,21): error C7568: falta la lista de argumentos después de la plantilla de función supuesta "vx_is_member_object_pointer_v"
  (compilando archivo de origen "src/Core/Memory/AlignmentFunctions.cpp")
  
E:\create\development\proyectos\Vertex-Engine\src\Core\Utils\VxTypeTraits.h(1195,4): error C2993: "unknown-type": no es un tipo válido para el parámetro de plantilla "_Val" sin tipo
  (compilando archivo de origen "src/Core/Memory/AlignmentFunctions.cpp")
  
E:\create\development\proyectos\Vertex-Engine\src\Core\Utils\VxTypeTraits.h(1195,4): error C3770: 'unknown-type': no es una clase base válida
  (compilando archivo de origen "src/Core/Memory/AlignmentFunctions.cpp")
  
E:\create\development\proyectos\Vertex-Engine\src\Core\Utils\VxTypeTraits.h(1232,21): error C3861: 'vx_is_default_constructible_v': no se encontró el identificador
  (compilando archivo de origen "src/Core/Memory/AlignmentFunctions.cpp")
      E:\create\development\proyectos\Vertex-Engine\src\Core\Utils\VxTypeTraits.h(1232,21):
      el contexto de creación de instancias de la plantilla (el más antiguo primero) es
          E:\create\development\proyectos\Vertex-Engine\src\Core\Utils\VxTypeTraits.h(1231,8):
          al compilar la plantilla de clase 'vertex::is_default_constructible'
  
E:\create\development\proyectos\Vertex-Engine\src\Core\Utils\VxTypeTraits.h(1232,21): error C7568: falta la lista de argumentos después de la plantilla de función supuesta "vx_is_default_constructible_v"
  (compilando archivo de origen "src/Core/Memory/AlignmentFunctions.cpp")
  
E:\create\development\proyectos\Vertex-Engine\src\Core\Utils\VxTypeTraits.h(1232,4): error C2993: "unknown-type": no es un tipo válido para el parámetro de plantilla "_Val" sin tipo
  (compilando archivo de origen "src/Core/Memory/AlignmentFunctions.cpp")
  
E:\create\development\proyectos\Vertex-Engine\src\Core\Utils\VxTypeTraits.h(1232,4): error C3770: 'unknown-type': no es una clase base válida
  (compilando archivo de origen "src/Core/Memory/AlignmentFunctions.cpp")
  
  DynamicMemNew.cpp
E:\create\development\proyectos\Vertex-Engine\src\Core\Memory\VxNew.h(27,7): error C2323: 'vertex::operator new': las funciones new o delete de un operador no miembro no pueden declararse estáticas o en un espacio de nombres distinto del espacio de nombres global
  (compilando archivo de origen "src/Core/Memory/DynamicMemNew.cpp")
  
E:\create\development\proyectos\Vertex-Engine\src\Core\Memory\VxNew.h(32,8): error C2323: 'vertex::operator new': las funciones new o delete de un operador no miembro no pueden declararse estáticas o en un espacio de nombres distinto del espacio de nombres global
  (compilando archivo de origen "src/Core/Memory/DynamicMemNew.cpp")
  
E:\create\development\proyectos\Vertex-Engine\src\Core\Memory\VxNew.h(38,7): error C2323: 'vertex::operator new[]': las funciones new o delete de un operador no miembro no pueden declararse estáticas o en un espacio de nombres distinto del espacio de nombres global
  (compilando archivo de origen "src/Core/Memory/DynamicMemNew.cpp")
  
E:\create\development\proyectos\Vertex-Engine\src\Core\Memory\VxNew.h(43,7): error C2323: 'vertex::operator new[]': las funciones new o delete de un operador no miembro no pueden declararse estáticas o en un espacio de nombres distinto del espacio de nombres global
  (compilando archivo de origen "src/Core/Memory/DynamicMemNew.cpp")
  
E:\create\development\proyectos\Vertex-Engine\src\Core\Memory\VxNew.h(48,6): error C2323: 'vertex::operator delete': las funciones new o delete de un operador no miembro no pueden declararse estáticas o en un espacio de nombres distinto del espacio de nombres global
  (compilando archivo de origen "src/Core/Memory/DynamicMemNew.cpp")
  
E:\create\development\proyectos\Vertex-Engine\src\Core\Memory\VxNew.h(52,6): error C2323: 'vertex::operator delete': las funciones new o delete de un operador no miembro no pueden declararse estáticas o en un espacio de nombres distinto del espacio de nombres global
  (compilando archivo de origen "src/Core/Memory/DynamicMemNew.cpp")
  
E:\create\development\proyectos\Vertex-Engine\src\Core\Memory\VxNew.h(57,6): error C2323: 'vertex::operator delete[]': las funciones new o delete de un operador no miembro no pueden declararse estáticas o en un espacio de nombres distinto del espacio de nombres global
  (compilando archivo de origen "src/Core/Memory/DynamicMemNew.cpp")
  
E:\create\development\proyectos\Vertex-Engine\src\Core\Memory\VxNew.h(61,6): error C2323: 'vertex::operator delete[]': las funciones new o delete de un operador no miembro no pueden declararse estáticas o en un espacio de nombres distinto del espacio de nombres global
  (compilando archivo de origen "src/Core/Memory/DynamicMemNew.cpp")
  
E:\create\development\proyectos\Vertex-Engine\src\Core\Memory\VxNew.h(66,6): error C2323: 'vertex::operator delete': las funciones new o delete de un operador no miembro no pueden declararse estáticas o en un espacio de nombres distinto del espacio de nombres global
  (compilando archivo de origen "src/Core/Memory/DynamicMemNew.cpp")
  
E:\create\development\proyectos\Vertex-Engine\src\Core\Memory\VxNew.h(71,6): error C2323: 'vertex::operator delete[]': las funciones new o delete de un operador no miembro no pueden declararse estáticas o en un espacio de nombres distinto del espacio de nombres global
  (compilando archivo de origen "src/Core/Memory/DynamicMemNew.cpp")
  
E:\create\development\proyectos\Vertex-Engine\src\Core\Memory\VxNew.h(80,7): error C2323: 'vertex::operator new': las funciones new o delete de un operador no miembro no pueden declararse estáticas o en un espacio de nombres distinto del espacio de nombres global
  (compilando archivo de origen "src/Core/Memory/DynamicMemNew.cpp")
  
E:\create\development\proyectos\Vertex-Engine\src\Core\Memory\VxNew.h(86,8): error C2323: 'vertex::operator new': las funciones new o delete de un operador no miembro no pueden declararse estáticas o en un espacio de nombres distinto del espacio de nombres global
  (compilando archivo de origen "src/Core/Memory/DynamicMemNew.cpp")
  
E:\create\development\proyectos\Vertex-Engine\src\Core\Memory\VxNew.h(94,7): error C2323: 'vertex::operator new[]': las funciones new o delete de un operador no miembro no pueden declararse estáticas o en un espacio de nombres distinto del espacio de nombres global
  (compilando archivo de origen "src/Core/Memory/DynamicMemNew.cpp")
  
E:\create\development\proyectos\Vertex-Engine\src\Core\Memory\VxNew.h(100,7): error C2323: 'vertex::operator new[]': las funciones new o delete de un operador no miembro no pueden declararse estáticas o en un espacio de nombres distinto del espacio de nombres global
  (compilando archivo de origen "src/Core/Memory/DynamicMemNew.cpp")
  
E:\create\development\proyectos\Vertex-Engine\src\Core\Memory\VxNew.h(106,6): error C2323: 'vertex::operator delete': las funciones new o delete de un operador no miembro no pueden declararse estáticas o en un espacio de nombres distinto del espacio de nombres global
  (compilando archivo de origen "src/Core/Memory/DynamicMemNew.cpp")
  
E:\create\development\proyectos\Vertex-Engine\src\Core\Memory\VxNew.h(111,6): error C2323: 'vertex::operator delete': las funciones new o delete de un operador no miembro no pueden declararse estáticas o en un espacio de nombres distinto del espacio de nombres global
  (compilando archivo de origen "src/Core/Memory/DynamicMemNew.cpp")
  
E:\create\development\proyectos\Vertex-Engine\src\Core\Memory\VxNew.h(117,6): error C2323: 'vertex::operator delete[]': las funciones new o delete de un operador no miembro no pueden declararse estáticas o en un espacio de nombres distinto del espacio de nombres global
  (compilando archivo de origen "src/Core/Memory/DynamicMemNew.cpp")
  
E:\create\development\proyectos\Vertex-Engine\src\Core\Memory\VxNew.h(122,6): error C2323: 'vertex::operator delete[]': las funciones new o delete de un operador no miembro no pueden declararse estáticas o en un espacio de nombres distinto del espacio de nombres global
  (compilando archivo de origen "src/Core/Memory/DynamicMemNew.cpp")
  
E:\create\development\proyectos\Vertex-Engine\src\Core\Memory\VxNew.h(128,6): error C2323: 'vertex::operator delete': las funciones new o delete de un operador no miembro no pueden declararse estáticas o en un espacio de nombres distinto del espacio de nombres global
  (compilando archivo de origen "src/Core/Memory/DynamicMemNew.cpp")
  
E:\create\development\proyectos\Vertex-Engine\src\Core\Memory\VxNew.h(134,6): error C2323: 'vertex::operator delete[]': las funciones new o delete de un operador no miembro no pueden declararse estáticas o en un espacio de nombres distinto del espacio de nombres global
  (compilando archivo de origen "src/Core/Memory/DynamicMemNew.cpp")
  
E:\create\development\proyectos\Vertex-Engine\src\Core\Memory\DynamicMemNew.cpp(9,13): warning C4005: 'VX_ALIGN': redefinición de macro
      E:\create\development\proyectos\Vertex-Engine\src\Core\VxConfig.h(515,10):
      vea la definición anterior de “VX_ALIGN”
  
  VxBitFunctions.cpp
  VxVector.cpp
  VxIterator.cpp
  Generando código...
